{"/Users/oliver.dettenborn/Documents/fc-monolito/src/app.ts": {"path":"/Users/oliver.dettenborn/Documents/fc-monolito/src/app.ts","statementMap":{"0":{"start":{"line":1,"column":29},"end":{"line":1,"column":null}},"1":{"start":{"line":2,"column":88},"end":{"line":2,"column":null}},"2":{"start":{"line":3,"column":85},"end":{"line":3,"column":null}},"3":{"start":{"line":4,"column":87},"end":{"line":4,"column":null}},"4":{"start":{"line":5,"column":84},"end":{"line":5,"column":null}},"5":{"start":{"line":6,"column":48},"end":{"line":6,"column":null}},"6":{"start":{"line":7,"column":69},"end":{"line":7,"column":null}},"7":{"start":{"line":8,"column":78},"end":{"line":8,"column":null}},"8":{"start":{"line":9,"column":77},"end":{"line":9,"column":null}},"9":{"start":{"line":10,"column":74},"end":{"line":10,"column":null}},"10":{"start":{"line":12,"column":12},"end":{"line":12,"column":19}},"11":{"start":{"line":14,"column":0},"end":{"line":14,"column":24}},"12":{"start":{"line":16,"column":0},"end":{"line":16,"column":31}},"13":{"start":{"line":17,"column":0},"end":{"line":17,"column":30}},"14":{"start":{"line":18,"column":0},"end":{"line":18,"column":32}},"15":{"start":{"line":19,"column":0},"end":{"line":19,"column":31}},"16":{"start":{"line":21,"column":25},"end":{"line":25,"column":2}},"17":{"start":{"line":21,"column":13},"end":{"line":21,"column":25}},"18":{"start":{"line":27,"column":0},"end":{"line":32,"column":3}},"19":{"start":{"line":34,"column":0},"end":{"line":34,"column":17}},"20":{"start":{"line":36,"column":15},"end":{"line":36,"column":18}}},"fnMap":{},"branchMap":{},"s":{"0":1,"1":1,"2":1,"3":1,"4":1,"5":1,"6":1,"7":1,"8":1,"9":1,"10":1,"11":1,"12":1,"13":1,"14":1,"15":1,"16":1,"17":1,"18":1,"19":1,"20":1},"f":{},"b":{}}
,"/Users/oliver.dettenborn/Documents/fc-monolito/src/modules/@shared/domain/entity/base.entity.ts": {"path":"/Users/oliver.dettenborn/Documents/fc-monolito/src/modules/@shared/domain/entity/base.entity.ts","statementMap":{"0":{"start":{"line":1,"column":48},"end":{"line":1,"column":null}},"1":{"start":{"line":15,"column":4},"end":{"line":15,"column":20}},"2":{"start":{"line":19,"column":4},"end":{"line":19,"column":27}},"3":{"start":{"line":23,"column":4},"end":{"line":23,"column":27}},"4":{"start":{"line":27,"column":4},"end":{"line":27,"column":32}},"5":{"start":{"line":9,"column":4},"end":{"line":9,"column":30}},"6":{"start":{"line":10,"column":4},"end":{"line":10,"column":46}},"7":{"start":{"line":11,"column":4},"end":{"line":11,"column":46}},"8":{"start":{"line":3,"column":21},"end":{"line":3,"column":null}}},"fnMap":{"0":{"name":"(anonymous_1)","decl":{"start":{"line":14,"column":2},"end":{"line":14,"column":6}},"loc":{"start":{"line":14,"column":15},"end":{"line":16,"column":null}}},"1":{"name":"(anonymous_2)","decl":{"start":{"line":18,"column":2},"end":{"line":18,"column":6}},"loc":{"start":{"line":18,"column":24},"end":{"line":20,"column":null}}},"2":{"name":"(anonymous_3)","decl":{"start":{"line":22,"column":2},"end":{"line":22,"column":6}},"loc":{"start":{"line":22,"column":24},"end":{"line":24,"column":null}}},"3":{"name":"(anonymous_4)","decl":{"start":{"line":26,"column":2},"end":{"line":26,"column":6}},"loc":{"start":{"line":26,"column":33},"end":{"line":28,"column":null}}},"4":{"name":"(anonymous_5)","decl":{"start":{"line":8,"column":2},"end":{"line":8,"column":14}},"loc":{"start":{"line":8,"column":59},"end":{"line":12,"column":null}}}},"branchMap":{"0":{"loc":{"start":{"line":9,"column":15},"end":{"line":9,"column":29}},"type":"binary-expr","locations":[{"start":{"line":9,"column":15},"end":{"line":9,"column":17}},{"start":{"line":9,"column":21},"end":{"line":9,"column":29}}]},"1":{"loc":{"start":{"line":10,"column":22},"end":{"line":10,"column":45}},"type":"binary-expr","locations":[{"start":{"line":10,"column":22},"end":{"line":10,"column":31}},{"start":{"line":10,"column":35},"end":{"line":10,"column":45}}]},"2":{"loc":{"start":{"line":11,"column":22},"end":{"line":11,"column":45}},"type":"binary-expr","locations":[{"start":{"line":11,"column":22},"end":{"line":11,"column":31}},{"start":{"line":11,"column":35},"end":{"line":11,"column":45}}]}},"s":{"0":24,"1":78,"2":29,"3":26,"4":0,"5":59,"6":59,"7":59,"8":24},"f":{"0":78,"1":29,"2":26,"3":0,"4":59},"b":{"0":[59,9],"1":[59,51],"2":[59,51]}}
,"/Users/oliver.dettenborn/Documents/fc-monolito/src/modules/@shared/domain/value-object/address.ts": {"path":"/Users/oliver.dettenborn/Documents/fc-monolito/src/modules/@shared/domain/value-object/address.ts","statementMap":{"0":{"start":{"line":22,"column":4},"end":{"line":22,"column":null}},"1":{"start":{"line":26,"column":4},"end":{"line":26,"column":null}},"2":{"start":{"line":30,"column":4},"end":{"line":30,"column":null}},"3":{"start":{"line":34,"column":4},"end":{"line":34,"column":null}},"4":{"start":{"line":38,"column":4},"end":{"line":38,"column":null}},"5":{"start":{"line":42,"column":4},"end":{"line":42,"column":null}},"6":{"start":{"line":46,"column":4},"end":{"line":48,"column":null}},"7":{"start":{"line":47,"column":6},"end":{"line":47,"column":null}},"8":{"start":{"line":49,"column":4},"end":{"line":51,"column":null}},"9":{"start":{"line":50,"column":6},"end":{"line":50,"column":null}},"10":{"start":{"line":52,"column":4},"end":{"line":54,"column":null}},"11":{"start":{"line":53,"column":6},"end":{"line":53,"column":null}},"12":{"start":{"line":55,"column":4},"end":{"line":57,"column":null}},"13":{"start":{"line":56,"column":6},"end":{"line":56,"column":null}},"14":{"start":{"line":58,"column":4},"end":{"line":60,"column":null}},"15":{"start":{"line":59,"column":6},"end":{"line":59,"column":null}},"16":{"start":{"line":61,"column":4},"end":{"line":63,"column":null}},"17":{"start":{"line":62,"column":6},"end":{"line":62,"column":null}},"18":{"start":{"line":4,"column":2},"end":{"line":4,"column":null}},"19":{"start":{"line":5,"column":2},"end":{"line":5,"column":null}},"20":{"start":{"line":6,"column":2},"end":{"line":6,"column":null}},"21":{"start":{"line":7,"column":2},"end":{"line":7,"column":null}},"22":{"start":{"line":8,"column":2},"end":{"line":8,"column":null}},"23":{"start":{"line":9,"column":2},"end":{"line":9,"column":null}},"24":{"start":{"line":12,"column":4},"end":{"line":12,"column":null}},"25":{"start":{"line":13,"column":4},"end":{"line":13,"column":null}},"26":{"start":{"line":14,"column":4},"end":{"line":14,"column":null}},"27":{"start":{"line":15,"column":4},"end":{"line":15,"column":null}},"28":{"start":{"line":16,"column":4},"end":{"line":16,"column":null}},"29":{"start":{"line":17,"column":4},"end":{"line":17,"column":null}},"30":{"start":{"line":3,"column":21},"end":{"line":3,"column":null}}},"fnMap":{"0":{"name":"(anonymous_0)","decl":{"start":{"line":21,"column":2},"end":{"line":21,"column":6}},"loc":{"start":{"line":21,"column":23},"end":{"line":23,"column":null}}},"1":{"name":"(anonymous_1)","decl":{"start":{"line":25,"column":2},"end":{"line":25,"column":6}},"loc":{"start":{"line":25,"column":23},"end":{"line":27,"column":null}}},"2":{"name":"(anonymous_2)","decl":{"start":{"line":29,"column":2},"end":{"line":29,"column":6}},"loc":{"start":{"line":29,"column":27},"end":{"line":31,"column":null}}},"3":{"name":"(anonymous_3)","decl":{"start":{"line":33,"column":2},"end":{"line":33,"column":6}},"loc":{"start":{"line":33,"column":21},"end":{"line":35,"column":null}}},"4":{"name":"(anonymous_4)","decl":{"start":{"line":37,"column":2},"end":{"line":37,"column":6}},"loc":{"start":{"line":37,"column":22},"end":{"line":39,"column":null}}},"5":{"name":"(anonymous_5)","decl":{"start":{"line":41,"column":2},"end":{"line":41,"column":6}},"loc":{"start":{"line":41,"column":24},"end":{"line":43,"column":null}}},"6":{"name":"(anonymous_6)","decl":{"start":{"line":45,"column":2},"end":{"line":45,"column":10}},"loc":{"start":{"line":45,"column":13},"end":{"line":64,"column":null}}},"7":{"name":"(anonymous_7)","decl":{"start":{"line":11,"column":2},"end":{"line":11,"column":14}},"loc":{"start":{"line":11,"column":112},"end":{"line":19,"column":null}}}},"branchMap":{"0":{"loc":{"start":{"line":46,"column":4},"end":{"line":48,"column":null}},"type":"if","locations":[{"start":{"line":46,"column":4},"end":{"line":48,"column":null}}]},"1":{"loc":{"start":{"line":49,"column":4},"end":{"line":51,"column":null}},"type":"if","locations":[{"start":{"line":49,"column":4},"end":{"line":51,"column":null}}]},"2":{"loc":{"start":{"line":52,"column":4},"end":{"line":54,"column":null}},"type":"if","locations":[{"start":{"line":52,"column":4},"end":{"line":54,"column":null}}]},"3":{"loc":{"start":{"line":55,"column":4},"end":{"line":57,"column":null}},"type":"if","locations":[{"start":{"line":55,"column":4},"end":{"line":57,"column":null}}]},"4":{"loc":{"start":{"line":58,"column":4},"end":{"line":60,"column":null}},"type":"if","locations":[{"start":{"line":58,"column":4},"end":{"line":60,"column":null}}]},"5":{"loc":{"start":{"line":61,"column":4},"end":{"line":63,"column":null}},"type":"if","locations":[{"start":{"line":61,"column":4},"end":{"line":63,"column":null}}]}},"s":{"0":18,"1":17,"2":17,"3":17,"4":17,"5":17,"6":7,"7":1,"8":6,"9":1,"10":5,"11":1,"12":4,"13":1,"14":3,"15":1,"16":2,"17":1,"18":24,"19":24,"20":24,"21":24,"22":24,"23":24,"24":24,"25":24,"26":24,"27":24,"28":24,"29":24,"30":7},"f":{"0":18,"1":17,"2":17,"3":17,"4":17,"5":17,"6":7,"7":24},"b":{"0":[1],"1":[1],"2":[1],"3":[1],"4":[1],"5":[1]}}
,"/Users/oliver.dettenborn/Documents/fc-monolito/src/modules/@shared/domain/value-object/id.value-object.ts": {"path":"/Users/oliver.dettenborn/Documents/fc-monolito/src/modules/@shared/domain/value-object/id.value-object.ts","statementMap":{"0":{"start":{"line":1,"column":35},"end":{"line":1,"column":null}},"1":{"start":{"line":12,"column":4},"end":{"line":12,"column":20}},"2":{"start":{"line":8,"column":4},"end":{"line":8,"column":30}},"3":{"start":{"line":4,"column":21},"end":{"line":4,"column":null}}},"fnMap":{"0":{"name":"(anonymous_0)","decl":{"start":{"line":11,"column":2},"end":{"line":11,"column":6}},"loc":{"start":{"line":11,"column":19},"end":{"line":13,"column":null}}},"1":{"name":"(anonymous_1)","decl":{"start":{"line":7,"column":2},"end":{"line":7,"column":14}},"loc":{"start":{"line":7,"column":27},"end":{"line":9,"column":null}}}},"branchMap":{"0":{"loc":{"start":{"line":8,"column":15},"end":{"line":8,"column":27}},"type":"binary-expr","locations":[{"start":{"line":8,"column":15},"end":{"line":8,"column":17}},{"start":{"line":8,"column":21},"end":{"line":8,"column":27}}]}},"s":{"0":24,"1":77,"2":57,"3":24},"f":{"0":77,"1":57},"b":{"0":[57,12]}}
,"/Users/oliver.dettenborn/Documents/fc-monolito/src/modules/checkout/facade/checkout.facade.ts": {"path":"/Users/oliver.dettenborn/Documents/fc-monolito/src/modules/checkout/facade/checkout.facade.ts","statementMap":{"0":{"start":{"line":6,"column":4},"end":{"line":12,"column":6}},"1":{"start":{"line":3,"column":21},"end":{"line":3,"column":null}}},"fnMap":{"0":{"name":"(anonymous_0)","decl":{"start":{"line":4,"column":2},"end":{"line":4,"column":8}},"loc":{"start":{"line":4,"column":88},"end":{"line":13,"column":null}}}},"branchMap":{},"s":{"0":0,"1":2},"f":{"0":0},"b":{}}
,"/Users/oliver.dettenborn/Documents/fc-monolito/src/modules/checkout/factory/checkout.facade.factory.ts": {"path":"/Users/oliver.dettenborn/Documents/fc-monolito/src/modules/checkout/factory/checkout.facade.factory.ts","statementMap":{"0":{"start":{"line":1,"column":54},"end":{"line":1,"column":null}},"1":{"start":{"line":5,"column":4},"end":{"line":5,"column":32}},"2":{"start":{"line":3,"column":21},"end":{"line":3,"column":null}}},"fnMap":{"0":{"name":"(anonymous_1)","decl":{"start":{"line":4,"column":2},"end":{"line":4,"column":9}},"loc":{"start":{"line":4,"column":34},"end":{"line":6,"column":null}}}},"branchMap":{},"s":{"0":2,"1":1,"2":2},"f":{"0":1},"b":{}}
,"/Users/oliver.dettenborn/Documents/fc-monolito/src/modules/checkout/infrastructure/api/checkout.route.ts": {"path":"/Users/oliver.dettenborn/Documents/fc-monolito/src/modules/checkout/infrastructure/api/checkout.route.ts","statementMap":{"0":{"start":{"line":15,"column":24},"end":{"line":15,"column":45}},"1":{"start":{"line":1,"column":65},"end":{"line":1,"column":null}},"2":{"start":{"line":3,"column":73},"end":{"line":3,"column":null}},"3":{"start":{"line":16,"column":17},"end":{"line":16,"column":23}},"4":{"start":{"line":18,"column":2},"end":{"line":21,"column":6}},"5":{"start":{"line":19,"column":19},"end":{"line":19,"column":52}},"6":{"start":{"line":20,"column":4},"end":{"line":20,"column":33}},"7":{"start":{"line":24,"column":2},"end":{"line":26,"column":5}},"8":{"start":{"line":25,"column":4},"end":{"line":25,"column":77}},"9":{"start":{"line":28,"column":2},"end":{"line":28,"column":16}},"10":{"start":{"line":6,"column":2},"end":{"line":12,"column":4}},"11":{"start":{"line":7,"column":4},"end":{"line":11,"column":null}},"12":{"start":{"line":8,"column":6},"end":{"line":8,"column":31}},"13":{"start":{"line":10,"column":6},"end":{"line":10,"column":18}}},"fnMap":{"0":{"name":"createCheckoutRouter","decl":{"start":{"line":15,"column":24},"end":{"line":15,"column":44}},"loc":{"start":{"line":15,"column":102},"end":{"line":29,"column":null}}},"1":{"name":"(anonymous_1)","decl":{"start":{"line":18,"column":40},"end":{"line":18,"column":47}},"loc":{"start":{"line":18,"column":79},"end":{"line":21,"column":4}}},"2":{"name":"(anonymous_2)","decl":{"start":{"line":24,"column":13},"end":{"line":24,"column":14}},"loc":{"start":{"line":24,"column":77},"end":{"line":26,"column":4}}},"3":{"name":"asyncHandler","decl":{"start":{"line":5,"column":9},"end":{"line":5,"column":21}},"loc":{"start":{"line":5,"column":93},"end":{"line":13,"column":null}}},"4":{"name":"(anonymous_5)","decl":{"start":{"line":6,"column":9},"end":{"line":6,"column":16}},"loc":{"start":{"line":6,"column":68},"end":{"line":12,"column":4}}}},"branchMap":{"0":{"loc":{"start":{"line":15,"column":45},"end":{"line":15,"column":100}},"type":"default-arg","locations":[{"start":{"line":15,"column":70},"end":{"line":15,"column":100}}]},"1":{"loc":{"start":{"line":25,"column":34},"end":{"line":25,"column":73}},"type":"binary-expr","locations":[{"start":{"line":25,"column":34},"end":{"line":25,"column":46}},{"start":{"line":25,"column":50},"end":{"line":25,"column":73}}]},"2":{"loc":{"start":{"line":25,"column":34},"end":{"line":25,"column":46}},"type":"cond-expr","locations":[{"start":{"line":25,"column":34},"end":{"line":25,"column":37}},{"start":{"line":25,"column":34},"end":{"line":25,"column":46}}]},"3":{"loc":{"start":{"line":25,"column":34},"end":{"line":25,"column":39}},"type":"binary-expr","locations":[{"start":{"line":25,"column":34},"end":{"line":25,"column":39}},{"start":{"line":25,"column":34},"end":{"line":25,"column":39}}]}},"s":{"0":2,"1":2,"2":2,"3":3,"4":3,"5":2,"6":1,"7":3,"8":1,"9":3,"10":3,"11":2,"12":2,"13":1},"f":{"0":3,"1":2,"2":1,"3":3,"4":2},"b":{"0":[1],"1":[1,0],"2":[0,1],"3":[1,1]}}
,"/Users/oliver.dettenborn/Documents/fc-monolito/src/modules/client-adm/domain/client.entity.ts": {"path":"/Users/oliver.dettenborn/Documents/fc-monolito/src/modules/client-adm/domain/client.entity.ts","statementMap":{"0":{"start":{"line":2,"column":64},"end":{"line":2,"column":null}},"1":{"start":{"line":32,"column":4},"end":{"line":32,"column":null}},"2":{"start":{"line":36,"column":4},"end":{"line":36,"column":null}},"3":{"start":{"line":40,"column":4},"end":{"line":40,"column":null}},"4":{"start":{"line":44,"column":4},"end":{"line":44,"column":null}},"5":{"start":{"line":24,"column":4},"end":{"line":24,"column":null}},"6":{"start":{"line":25,"column":4},"end":{"line":25,"column":null}},"7":{"start":{"line":26,"column":4},"end":{"line":26,"column":null}},"8":{"start":{"line":27,"column":4},"end":{"line":27,"column":null}},"9":{"start":{"line":28,"column":4},"end":{"line":28,"column":null}},"10":{"start":{"line":16,"column":21},"end":{"line":16,"column":36}}},"fnMap":{"0":{"name":"(anonymous_1)","decl":{"start":{"line":31,"column":2},"end":{"line":31,"column":6}},"loc":{"start":{"line":31,"column":21},"end":{"line":33,"column":null}}},"1":{"name":"(anonymous_2)","decl":{"start":{"line":35,"column":2},"end":{"line":35,"column":6}},"loc":{"start":{"line":35,"column":22},"end":{"line":37,"column":null}}},"2":{"name":"(anonymous_3)","decl":{"start":{"line":39,"column":2},"end":{"line":39,"column":6}},"loc":{"start":{"line":39,"column":25},"end":{"line":41,"column":null}}},"3":{"name":"(anonymous_4)","decl":{"start":{"line":43,"column":2},"end":{"line":43,"column":6}},"loc":{"start":{"line":43,"column":25},"end":{"line":45,"column":null}}},"4":{"name":"(anonymous_5)","decl":{"start":{"line":23,"column":2},"end":{"line":23,"column":14}},"loc":{"start":{"line":23,"column":34},"end":{"line":29,"column":null}}}},"branchMap":{},"s":{"0":6,"1":11,"2":11,"3":9,"4":61,"5":7,"6":7,"7":7,"8":7,"9":7,"10":6},"f":{"0":11,"1":11,"2":9,"3":61,"4":7},"b":{}}
,"/Users/oliver.dettenborn/Documents/fc-monolito/src/modules/client-adm/facade/client-adm.facade.ts": {"path":"/Users/oliver.dettenborn/Documents/fc-monolito/src/modules/client-adm/facade/client-adm.facade.ts","statementMap":{"0":{"start":{"line":7,"column":63},"end":{"line":7,"column":null}},"1":{"start":{"line":24,"column":20},"end":{"line":30,"column":null}},"2":{"start":{"line":32,"column":4},"end":{"line":32,"column":58}},"3":{"start":{"line":37,"column":4},"end":{"line":37,"column":50}},"4":{"start":{"line":19,"column":4},"end":{"line":19,"column":49}},"5":{"start":{"line":20,"column":4},"end":{"line":20,"column":47}},"6":{"start":{"line":14,"column":21},"end":{"line":14,"column":null}}},"fnMap":{"0":{"name":"(anonymous_1)","decl":{"start":{"line":23,"column":2},"end":{"line":23,"column":8}},"loc":{"start":{"line":23,"column":59},"end":{"line":33,"column":null}}},"1":{"name":"(anonymous_2)","decl":{"start":{"line":34,"column":2},"end":{"line":34,"column":8}},"loc":{"start":{"line":36,"column":40},"end":{"line":38,"column":null}}},"2":{"name":"(anonymous_3)","decl":{"start":{"line":18,"column":2},"end":{"line":18,"column":14}},"loc":{"start":{"line":18,"column":42},"end":{"line":21,"column":null}}}},"branchMap":{},"s":{"0":3,"1":2,"2":2,"3":1,"4":3,"5":3,"6":3},"f":{"0":2,"1":1,"2":3},"b":{}}
,"/Users/oliver.dettenborn/Documents/fc-monolito/src/modules/client-adm/factory/client-adm.facade.factory.ts": {"path":"/Users/oliver.dettenborn/Documents/fc-monolito/src/modules/client-adm/factory/client-adm.facade.factory.ts","statementMap":{"0":{"start":{"line":1,"column":57},"end":{"line":1,"column":null}},"1":{"start":{"line":2,"column":62},"end":{"line":2,"column":null}},"2":{"start":{"line":3,"column":71},"end":{"line":3,"column":null}},"3":{"start":{"line":4,"column":74},"end":{"line":4,"column":null}},"4":{"start":{"line":8,"column":23},"end":{"line":8,"column":45}},"5":{"start":{"line":9,"column":24},"end":{"line":9,"column":57}},"6":{"start":{"line":10,"column":23},"end":{"line":10,"column":55}},"7":{"start":{"line":11,"column":19},"end":{"line":14,"column":6}},"8":{"start":{"line":16,"column":4},"end":{"line":16,"column":18}},"9":{"start":{"line":6,"column":21},"end":{"line":6,"column":null}}},"fnMap":{"0":{"name":"(anonymous_1)","decl":{"start":{"line":7,"column":2},"end":{"line":7,"column":9}},"loc":{"start":{"line":7,"column":18},"end":{"line":17,"column":null}}}},"branchMap":{},"s":{"0":3,"1":3,"2":3,"3":3,"4":2,"5":2,"6":2,"7":2,"8":2,"9":3},"f":{"0":2},"b":{}}
,"/Users/oliver.dettenborn/Documents/fc-monolito/src/modules/client-adm/infrastructure/api/client.route.ts": {"path":"/Users/oliver.dettenborn/Documents/fc-monolito/src/modules/client-adm/infrastructure/api/client.route.ts","statementMap":{"0":{"start":{"line":16,"column":24},"end":{"line":16,"column":43}},"1":{"start":{"line":1,"column":65},"end":{"line":1,"column":null}},"2":{"start":{"line":4,"column":76},"end":{"line":4,"column":null}},"3":{"start":{"line":17,"column":17},"end":{"line":17,"column":23}},"4":{"start":{"line":19,"column":2},"end":{"line":23,"column":6}},"5":{"start":{"line":20,"column":43},"end":{"line":20,"column":51}},"6":{"start":{"line":21,"column":4},"end":{"line":21,"column":28}},"7":{"start":{"line":22,"column":4},"end":{"line":22,"column":32}},"8":{"start":{"line":26,"column":2},"end":{"line":28,"column":5}},"9":{"start":{"line":27,"column":4},"end":{"line":27,"column":77}},"10":{"start":{"line":30,"column":2},"end":{"line":30,"column":16}},"11":{"start":{"line":7,"column":2},"end":{"line":13,"column":4}},"12":{"start":{"line":8,"column":4},"end":{"line":12,"column":null}},"13":{"start":{"line":9,"column":6},"end":{"line":9,"column":31}},"14":{"start":{"line":11,"column":6},"end":{"line":11,"column":18}}},"fnMap":{"0":{"name":"createClientRouter","decl":{"start":{"line":16,"column":24},"end":{"line":16,"column":42}},"loc":{"start":{"line":16,"column":102},"end":{"line":31,"column":null}}},"1":{"name":"(anonymous_1)","decl":{"start":{"line":19,"column":39},"end":{"line":19,"column":46}},"loc":{"start":{"line":19,"column":78},"end":{"line":23,"column":4}}},"2":{"name":"(anonymous_2)","decl":{"start":{"line":26,"column":13},"end":{"line":26,"column":14}},"loc":{"start":{"line":26,"column":77},"end":{"line":28,"column":4}}},"3":{"name":"asyncHandler","decl":{"start":{"line":6,"column":9},"end":{"line":6,"column":21}},"loc":{"start":{"line":6,"column":93},"end":{"line":14,"column":null}}},"4":{"name":"(anonymous_5)","decl":{"start":{"line":7,"column":9},"end":{"line":7,"column":16}},"loc":{"start":{"line":7,"column":68},"end":{"line":13,"column":4}}}},"branchMap":{"0":{"loc":{"start":{"line":16,"column":43},"end":{"line":16,"column":100}},"type":"default-arg","locations":[{"start":{"line":16,"column":69},"end":{"line":16,"column":100}}]},"1":{"loc":{"start":{"line":27,"column":34},"end":{"line":27,"column":73}},"type":"binary-expr","locations":[{"start":{"line":27,"column":34},"end":{"line":27,"column":46}},{"start":{"line":27,"column":50},"end":{"line":27,"column":73}}]},"2":{"loc":{"start":{"line":27,"column":34},"end":{"line":27,"column":46}},"type":"cond-expr","locations":[{"start":{"line":27,"column":34},"end":{"line":27,"column":37}},{"start":{"line":27,"column":34},"end":{"line":27,"column":46}}]},"3":{"loc":{"start":{"line":27,"column":34},"end":{"line":27,"column":39}},"type":"binary-expr","locations":[{"start":{"line":27,"column":34},"end":{"line":27,"column":39}},{"start":{"line":27,"column":34},"end":{"line":27,"column":39}}]}},"s":{"0":2,"1":2,"2":2,"3":3,"4":3,"5":2,"6":2,"7":1,"8":3,"9":1,"10":3,"11":3,"12":2,"13":2,"14":1},"f":{"0":3,"1":2,"2":1,"3":3,"4":2},"b":{"0":[1],"1":[1,0],"2":[0,1],"3":[1,1]}}
,"/Users/oliver.dettenborn/Documents/fc-monolito/src/modules/client-adm/repository/client.model.ts": {"path":"/Users/oliver.dettenborn/Documents/fc-monolito/src/modules/client-adm/repository/client.model.ts","statementMap":{"0":{"start":{"line":1,"column":71},"end":{"line":1,"column":null}},"1":{"start":{"line":7,"column":7},"end":{"line":44,"column":null}},"2":{"start":{"line":7,"column":13},"end":{"line":7,"column":33}}},"fnMap":{},"branchMap":{"0":{"loc":{"start":{"line":40,"column":13},"end":{"line":40,"column":17}},"type":"cond-expr","locations":[{"start":{"line":40,"column":17},"end":{"line":40,"column":null}},{"start":{"line":40,"column":13},"end":{"line":40,"column":17}}]},"1":{"loc":{"start":{"line":43,"column":13},"end":{"line":43,"column":17}},"type":"cond-expr","locations":[{"start":{"line":43,"column":17},"end":{"line":43,"column":null}},{"start":{"line":43,"column":13},"end":{"line":43,"column":17}}]}},"s":{"0":4,"1":4,"2":8},"f":{},"b":{"0":[0,4],"1":[0,4]}}
,"/Users/oliver.dettenborn/Documents/fc-monolito/src/modules/client-adm/repository/client.repository.ts": {"path":"/Users/oliver.dettenborn/Documents/fc-monolito/src/modules/client-adm/repository/client.repository.ts","statementMap":{"0":{"start":{"line":1,"column":63},"end":{"line":1,"column":null}},"1":{"start":{"line":2,"column":66},"end":{"line":2,"column":null}},"2":{"start":{"line":3,"column":44},"end":{"line":3,"column":null}},"3":{"start":{"line":5,"column":44},"end":{"line":5,"column":null}},"4":{"start":{"line":11,"column":4},"end":{"line":24,"column":null}},"5":{"start":{"line":29,"column":19},"end":{"line":29,"column":63}},"6":{"start":{"line":31,"column":4},"end":{"line":33,"column":null}},"7":{"start":{"line":32,"column":6},"end":{"line":32,"column":null}},"8":{"start":{"line":35,"column":4},"end":{"line":50,"column":null}},"9":{"start":{"line":7,"column":21},"end":{"line":7,"column":null}}},"fnMap":{"0":{"name":"(anonymous_1)","decl":{"start":{"line":9,"column":2},"end":{"line":9,"column":8}},"loc":{"start":{"line":9,"column":43},"end":{"line":25,"column":null}}},"1":{"name":"(anonymous_2)","decl":{"start":{"line":27,"column":2},"end":{"line":27,"column":8}},"loc":{"start":{"line":27,"column":42},"end":{"line":51,"column":null}}}},"branchMap":{"0":{"loc":{"start":{"line":31,"column":4},"end":{"line":33,"column":null}},"type":"if","locations":[{"start":{"line":31,"column":4},"end":{"line":33,"column":null}}]}},"s":{"0":4,"1":4,"2":4,"3":4,"4":3,"5":2,"6":2,"7":0,"8":2,"9":4},"f":{"0":3,"1":2},"b":{"0":[0]}}
,"/Users/oliver.dettenborn/Documents/fc-monolito/src/modules/client-adm/usecase/add-client/add-client.usecase.ts": {"path":"/Users/oliver.dettenborn/Documents/fc-monolito/src/modules/client-adm/usecase/add-client/add-client.usecase.ts","statementMap":{"0":{"start":{"line":1,"column":66},"end":{"line":1,"column":null}},"1":{"start":{"line":2,"column":69},"end":{"line":2,"column":null}},"2":{"start":{"line":3,"column":47},"end":{"line":3,"column":null}},"3":{"start":{"line":17,"column":18},"end":{"line":30,"column":null}},"4":{"start":{"line":32,"column":19},"end":{"line":32,"column":36}},"5":{"start":{"line":33,"column":4},"end":{"line":33,"column":null}},"6":{"start":{"line":35,"column":4},"end":{"line":50,"column":null}},"7":{"start":{"line":12,"column":4},"end":{"line":12,"column":null}},"8":{"start":{"line":7,"column":21},"end":{"line":7,"column":null}}},"fnMap":{"0":{"name":"(anonymous_1)","decl":{"start":{"line":15,"column":2},"end":{"line":15,"column":8}},"loc":{"start":{"line":15,"column":71},"end":{"line":51,"column":null}}},"1":{"name":"(anonymous_2)","decl":{"start":{"line":11,"column":2},"end":{"line":11,"column":14}},"loc":{"start":{"line":11,"column":47},"end":{"line":13,"column":null}}}},"branchMap":{"0":{"loc":{"start":{"line":18,"column":10},"end":{"line":18,"column":38}},"type":"binary-expr","locations":[{"start":{"line":18,"column":10},"end":{"line":18,"column":26}},{"start":{"line":18,"column":30},"end":{"line":18,"column":38}}]}},"s":{"0":4,"1":4,"2":4,"3":3,"4":3,"5":3,"6":3,"7":4,"8":4},"f":{"0":3,"1":4},"b":{"0":[3,0]}}
,"/Users/oliver.dettenborn/Documents/fc-monolito/src/modules/client-adm/usecase/find-client/find-client.usecase.ts": {"path":"/Users/oliver.dettenborn/Documents/fc-monolito/src/modules/client-adm/usecase/find-client/find-client.usecase.ts","statementMap":{"0":{"start":{"line":2,"column":66},"end":{"line":2,"column":null}},"1":{"start":{"line":16,"column":19},"end":{"line":16,"column":62}},"2":{"start":{"line":18,"column":4},"end":{"line":33,"column":null}},"3":{"start":{"line":11,"column":4},"end":{"line":11,"column":null}},"4":{"start":{"line":6,"column":21},"end":{"line":6,"column":null}}},"fnMap":{"0":{"name":"(anonymous_1)","decl":{"start":{"line":14,"column":2},"end":{"line":14,"column":8}},"loc":{"start":{"line":14,"column":87},"end":{"line":34,"column":null}}},"1":{"name":"(anonymous_2)","decl":{"start":{"line":10,"column":2},"end":{"line":10,"column":14}},"loc":{"start":{"line":10,"column":47},"end":{"line":12,"column":null}}}},"branchMap":{},"s":{"0":4,"1":2,"2":2,"3":3,"4":4},"f":{"0":2,"1":3},"b":{}}
,"/Users/oliver.dettenborn/Documents/fc-monolito/src/modules/invoice/domain/entity/invoice-item.ts": {"path":"/Users/oliver.dettenborn/Documents/fc-monolito/src/modules/invoice/domain/entity/invoice-item.ts","statementMap":{"0":{"start":{"line":1,"column":67},"end":{"line":1,"column":null}},"1":{"start":{"line":23,"column":4},"end":{"line":23,"column":22}},"2":{"start":{"line":27,"column":4},"end":{"line":27,"column":23}},"3":{"start":{"line":17,"column":4},"end":{"line":17,"column":54}},"4":{"start":{"line":18,"column":4},"end":{"line":18,"column":28}},"5":{"start":{"line":19,"column":4},"end":{"line":19,"column":30}},"6":{"start":{"line":12,"column":21},"end":{"line":12,"column":41}}},"fnMap":{"0":{"name":"(anonymous_1)","decl":{"start":{"line":22,"column":2},"end":{"line":22,"column":6}},"loc":{"start":{"line":22,"column":21},"end":{"line":24,"column":null}}},"1":{"name":"(anonymous_2)","decl":{"start":{"line":26,"column":2},"end":{"line":26,"column":6}},"loc":{"start":{"line":26,"column":22},"end":{"line":28,"column":null}}},"2":{"name":"(anonymous_3)","decl":{"start":{"line":16,"column":2},"end":{"line":16,"column":14}},"loc":{"start":{"line":16,"column":39},"end":{"line":20,"column":null}}}},"branchMap":{},"s":{"0":7,"1":26,"2":45,"3":19,"4":19,"5":19,"6":7},"f":{"0":26,"1":45,"2":19},"b":{}}
,"/Users/oliver.dettenborn/Documents/fc-monolito/src/modules/invoice/domain/entity/invoice.ts": {"path":"/Users/oliver.dettenborn/Documents/fc-monolito/src/modules/invoice/domain/entity/invoice.ts","statementMap":{"0":{"start":{"line":2,"column":67},"end":{"line":2,"column":null}},"1":{"start":{"line":35,"column":4},"end":{"line":35,"column":22}},"2":{"start":{"line":39,"column":4},"end":{"line":39,"column":26}},"3":{"start":{"line":43,"column":4},"end":{"line":43,"column":25}},"4":{"start":{"line":47,"column":4},"end":{"line":47,"column":23}},"5":{"start":{"line":51,"column":4},"end":{"line":51,"column":23}},"6":{"start":{"line":55,"column":4},"end":{"line":55,"column":70}},"7":{"start":{"line":55,"column":47},"end":{"line":55,"column":65}},"8":{"start":{"line":59,"column":4},"end":{"line":61,"column":null}},"9":{"start":{"line":60,"column":6},"end":{"line":60,"column":61}},"10":{"start":{"line":25,"column":4},"end":{"line":25,"column":54}},"11":{"start":{"line":26,"column":4},"end":{"line":26,"column":28}},"12":{"start":{"line":27,"column":4},"end":{"line":27,"column":36}},"13":{"start":{"line":28,"column":4},"end":{"line":28,"column":34}},"14":{"start":{"line":29,"column":4},"end":{"line":29,"column":30}},"15":{"start":{"line":30,"column":4},"end":{"line":30,"column":40}},"16":{"start":{"line":31,"column":4},"end":{"line":31,"column":20}},"17":{"start":{"line":17,"column":21},"end":{"line":17,"column":37}}},"fnMap":{"0":{"name":"(anonymous_1)","decl":{"start":{"line":34,"column":2},"end":{"line":34,"column":6}},"loc":{"start":{"line":34,"column":21},"end":{"line":36,"column":null}}},"1":{"name":"(anonymous_2)","decl":{"start":{"line":38,"column":2},"end":{"line":38,"column":6}},"loc":{"start":{"line":38,"column":25},"end":{"line":40,"column":null}}},"2":{"name":"(anonymous_3)","decl":{"start":{"line":42,"column":2},"end":{"line":42,"column":6}},"loc":{"start":{"line":42,"column":25},"end":{"line":44,"column":null}}},"3":{"name":"(anonymous_4)","decl":{"start":{"line":46,"column":2},"end":{"line":46,"column":6}},"loc":{"start":{"line":46,"column":29},"end":{"line":48,"column":null}}},"4":{"name":"(anonymous_5)","decl":{"start":{"line":50,"column":2},"end":{"line":50,"column":6}},"loc":{"start":{"line":50,"column":22},"end":{"line":52,"column":null}}},"5":{"name":"(anonymous_6)","decl":{"start":{"line":54,"column":2},"end":{"line":54,"column":23}},"loc":{"start":{"line":54,"column":35},"end":{"line":56,"column":null}}},"6":{"name":"(anonymous_7)","decl":{"start":{"line":55,"column":30},"end":{"line":55,"column":31}},"loc":{"start":{"line":55,"column":47},"end":{"line":55,"column":65}}},"7":{"name":"(anonymous_8)","decl":{"start":{"line":58,"column":2},"end":{"line":58,"column":17}},"loc":{"start":{"line":58,"column":27},"end":{"line":62,"column":null}}},"8":{"name":"(anonymous_9)","decl":{"start":{"line":24,"column":2},"end":{"line":24,"column":14}},"loc":{"start":{"line":24,"column":35},"end":{"line":32,"column":null}}}},"branchMap":{"0":{"loc":{"start":{"line":59,"column":4},"end":{"line":61,"column":null}},"type":"if","locations":[{"start":{"line":59,"column":4},"end":{"line":61,"column":null}}]}},"s":{"0":7,"1":15,"2":15,"3":85,"4":15,"5":10,"6":11,"7":19,"8":11,"9":1,"10":11,"11":11,"12":11,"13":11,"14":11,"15":11,"16":11,"17":7},"f":{"0":15,"1":15,"2":85,"3":15,"4":10,"5":11,"6":19,"7":11,"8":11},"b":{"0":[1]}}
,"/Users/oliver.dettenborn/Documents/fc-monolito/src/modules/invoice/domain/value-object/address.ts": {"path":"/Users/oliver.dettenborn/Documents/fc-monolito/src/modules/invoice/domain/value-object/address.ts","statementMap":{"0":{"start":{"line":26,"column":4},"end":{"line":26,"column":24}},"1":{"start":{"line":30,"column":4},"end":{"line":30,"column":24}},"2":{"start":{"line":34,"column":4},"end":{"line":34,"column":28}},"3":{"start":{"line":38,"column":4},"end":{"line":38,"column":22}},"4":{"start":{"line":42,"column":4},"end":{"line":42,"column":23}},"5":{"start":{"line":46,"column":4},"end":{"line":46,"column":25}},"6":{"start":{"line":17,"column":4},"end":{"line":17,"column":26}},"7":{"start":{"line":18,"column":4},"end":{"line":18,"column":26}},"8":{"start":{"line":19,"column":4},"end":{"line":19,"column":34}},"9":{"start":{"line":20,"column":4},"end":{"line":20,"column":22}},"10":{"start":{"line":21,"column":4},"end":{"line":21,"column":24}},"11":{"start":{"line":22,"column":4},"end":{"line":22,"column":28}},"12":{"start":{"line":1,"column":21},"end":{"line":1,"column":null}}},"fnMap":{"0":{"name":"(anonymous_0)","decl":{"start":{"line":25,"column":2},"end":{"line":25,"column":6}},"loc":{"start":{"line":25,"column":23},"end":{"line":27,"column":null}}},"1":{"name":"(anonymous_1)","decl":{"start":{"line":29,"column":2},"end":{"line":29,"column":6}},"loc":{"start":{"line":29,"column":23},"end":{"line":31,"column":null}}},"2":{"name":"(anonymous_2)","decl":{"start":{"line":33,"column":2},"end":{"line":33,"column":6}},"loc":{"start":{"line":33,"column":27},"end":{"line":35,"column":null}}},"3":{"name":"(anonymous_3)","decl":{"start":{"line":37,"column":2},"end":{"line":37,"column":6}},"loc":{"start":{"line":37,"column":21},"end":{"line":39,"column":null}}},"4":{"name":"(anonymous_4)","decl":{"start":{"line":41,"column":2},"end":{"line":41,"column":6}},"loc":{"start":{"line":41,"column":22},"end":{"line":43,"column":null}}},"5":{"name":"(anonymous_5)","decl":{"start":{"line":45,"column":2},"end":{"line":45,"column":6}},"loc":{"start":{"line":45,"column":24},"end":{"line":47,"column":null}}},"6":{"name":"(anonymous_6)","decl":{"start":{"line":9,"column":2},"end":{"line":9,"column":null}},"loc":{"start":{"line":16,"column":4},"end":{"line":23,"column":null}}}},"branchMap":{},"s":{"0":14,"1":14,"2":14,"3":14,"4":14,"5":14,"6":11,"7":11,"8":11,"9":11,"10":11,"11":11,"12":7},"f":{"0":14,"1":14,"2":14,"3":14,"4":14,"5":14,"6":11},"b":{}}
,"/Users/oliver.dettenborn/Documents/fc-monolito/src/modules/invoice/facade/invoice.facade.ts": {"path":"/Users/oliver.dettenborn/Documents/fc-monolito/src/modules/invoice/facade/invoice.facade.ts","statementMap":{"0":{"start":{"line":20,"column":4},"end":{"line":20,"column":61}},"1":{"start":{"line":24,"column":4},"end":{"line":24,"column":57}},"2":{"start":{"line":15,"column":4},"end":{"line":15,"column":71}},"3":{"start":{"line":16,"column":4},"end":{"line":16,"column":63}},"4":{"start":{"line":10,"column":21},"end":{"line":10,"column":null}}},"fnMap":{"0":{"name":"(anonymous_0)","decl":{"start":{"line":19,"column":2},"end":{"line":19,"column":8}},"loc":{"start":{"line":19,"column":98},"end":{"line":21,"column":null}}},"1":{"name":"(anonymous_1)","decl":{"start":{"line":23,"column":2},"end":{"line":23,"column":8}},"loc":{"start":{"line":23,"column":86},"end":{"line":25,"column":null}}},"2":{"name":"(anonymous_2)","decl":{"start":{"line":14,"column":2},"end":{"line":14,"column":14}},"loc":{"start":{"line":14,"column":42},"end":{"line":17,"column":null}}}},"branchMap":{},"s":{"0":5,"1":2,"2":4,"3":4,"4":4},"f":{"0":5,"1":2,"2":4},"b":{}}
,"/Users/oliver.dettenborn/Documents/fc-monolito/src/modules/invoice/factory/invoice.facade.factory.ts": {"path":"/Users/oliver.dettenborn/Documents/fc-monolito/src/modules/invoice/factory/invoice.facade.factory.ts","statementMap":{"0":{"start":{"line":1,"column":52},"end":{"line":1,"column":null}},"1":{"start":{"line":2,"column":64},"end":{"line":2,"column":null}},"2":{"start":{"line":3,"column":89},"end":{"line":3,"column":null}},"3":{"start":{"line":4,"column":77},"end":{"line":4,"column":null}},"4":{"start":{"line":8,"column":23},"end":{"line":8,"column":46}},"5":{"start":{"line":9,"column":35},"end":{"line":9,"column":73}},"6":{"start":{"line":10,"column":31},"end":{"line":10,"column":65}},"7":{"start":{"line":11,"column":19},"end":{"line":14,"column":6}},"8":{"start":{"line":16,"column":4},"end":{"line":16,"column":18}},"9":{"start":{"line":6,"column":21},"end":{"line":6,"column":null}}},"fnMap":{"0":{"name":"(anonymous_1)","decl":{"start":{"line":7,"column":2},"end":{"line":7,"column":9}},"loc":{"start":{"line":7,"column":18},"end":{"line":17,"column":null}}}},"branchMap":{},"s":{"0":4,"1":4,"2":4,"3":4,"4":4,"5":4,"6":4,"7":4,"8":4,"9":4},"f":{"0":4},"b":{}}
,"/Users/oliver.dettenborn/Documents/fc-monolito/src/modules/invoice/infrastructure/api/invoice.route.ts": {"path":"/Users/oliver.dettenborn/Documents/fc-monolito/src/modules/invoice/infrastructure/api/invoice.route.ts","statementMap":{"0":{"start":{"line":5,"column":24},"end":{"line":5,"column":44}},"1":{"start":{"line":1,"column":32},"end":{"line":1,"column":null}},"2":{"start":{"line":3,"column":71},"end":{"line":3,"column":null}},"3":{"start":{"line":6,"column":17},"end":{"line":6,"column":23}},"4":{"start":{"line":8,"column":2},"end":{"line":15,"column":5}},"5":{"start":{"line":9,"column":4},"end":{"line":14,"column":null}},"6":{"start":{"line":10,"column":22},"end":{"line":10,"column":53}},"7":{"start":{"line":11,"column":6},"end":{"line":11,"column":36}},"8":{"start":{"line":13,"column":6},"end":{"line":13,"column":53}},"9":{"start":{"line":17,"column":2},"end":{"line":24,"column":5}},"10":{"start":{"line":18,"column":4},"end":{"line":23,"column":null}},"11":{"start":{"line":19,"column":22},"end":{"line":19,"column":62}},"12":{"start":{"line":20,"column":6},"end":{"line":20,"column":36}},"13":{"start":{"line":22,"column":6},"end":{"line":22,"column":53}},"14":{"start":{"line":26,"column":2},"end":{"line":26,"column":16}}},"fnMap":{"0":{"name":"createInvoiceRouter","decl":{"start":{"line":5,"column":24},"end":{"line":5,"column":43}},"loc":{"start":{"line":5,"column":99},"end":{"line":27,"column":null}}},"1":{"name":"(anonymous_1)","decl":{"start":{"line":8,"column":26},"end":{"line":8,"column":33}},"loc":{"start":{"line":8,"column":46},"end":{"line":15,"column":4}}},"2":{"name":"(anonymous_2)","decl":{"start":{"line":17,"column":29},"end":{"line":17,"column":36}},"loc":{"start":{"line":17,"column":49},"end":{"line":24,"column":4}}}},"branchMap":{"0":{"loc":{"start":{"line":5,"column":44},"end":{"line":5,"column":97}},"type":"default-arg","locations":[{"start":{"line":5,"column":68},"end":{"line":5,"column":97}}]}},"s":{"0":3,"1":3,"2":3,"3":6,"4":6,"5":5,"6":5,"7":4,"8":1,"9":6,"10":3,"11":3,"12":2,"13":1,"14":6},"f":{"0":6,"1":5,"2":3},"b":{"0":[2]}}
,"/Users/oliver.dettenborn/Documents/fc-monolito/src/modules/invoice/repository/invoice-item.model.ts": {"path":"/Users/oliver.dettenborn/Documents/fc-monolito/src/modules/invoice/repository/invoice-item.model.ts","statementMap":{"0":{"start":{"line":1,"column":92},"end":{"line":1,"column":null}},"1":{"start":{"line":2,"column":42},"end":{"line":2,"column":null}},"2":{"start":{"line":8,"column":15},"end":{"line":37,"column":null}},"3":{"start":{"line":16,"column":20},"end":{"line":16,"column":33}},"4":{"start":{"line":35,"column":19},"end":{"line":35,"column":32}},"5":{"start":{"line":8,"column":21},"end":{"line":8,"column":46}}},"fnMap":{"0":{"name":"(anonymous_3)","decl":{"start":{"line":16,"column":14},"end":{"line":16,"column":20}},"loc":{"start":{"line":16,"column":20},"end":{"line":16,"column":33}}},"1":{"name":"(anonymous_4)","decl":{"start":{"line":35,"column":13},"end":{"line":35,"column":19}},"loc":{"start":{"line":35,"column":19},"end":{"line":35,"column":32}}}},"branchMap":{"0":{"loc":{"start":{"line":36,"column":11},"end":{"line":36,"column":null}},"type":"cond-expr","locations":[{"start":{"line":36,"column":23},"end":{"line":36,"column":null}},{"start":{"line":36,"column":11},"end":{"line":36,"column":null}}]}},"s":{"0":4,"1":4,"2":4,"3":12,"4":12,"5":8},"f":{"0":12,"1":12},"b":{"0":[4,0]}}
,"/Users/oliver.dettenborn/Documents/fc-monolito/src/modules/invoice/repository/invoice.model.ts": {"path":"/Users/oliver.dettenborn/Documents/fc-monolito/src/modules/invoice/repository/invoice.model.ts","statementMap":{"0":{"start":{"line":1,"column":78},"end":{"line":1,"column":null}},"1":{"start":{"line":2,"column":51},"end":{"line":2,"column":null}},"2":{"start":{"line":8,"column":15},"end":{"line":66,"column":null}},"3":{"start":{"line":64,"column":17},"end":{"line":64,"column":34}},"4":{"start":{"line":8,"column":21},"end":{"line":8,"column":42}}},"fnMap":{"0":{"name":"(anonymous_3)","decl":{"start":{"line":64,"column":11},"end":{"line":64,"column":17}},"loc":{"start":{"line":64,"column":17},"end":{"line":64,"column":34}}}},"branchMap":{},"s":{"0":4,"1":4,"2":4,"3":19,"4":8},"f":{"0":19},"b":{}}
,"/Users/oliver.dettenborn/Documents/fc-monolito/src/modules/invoice/repository/invoice.repository.ts": {"path":"/Users/oliver.dettenborn/Documents/fc-monolito/src/modules/invoice/repository/invoice.repository.ts","statementMap":{"0":{"start":{"line":1,"column":46},"end":{"line":1,"column":null}},"1":{"start":{"line":3,"column":66},"end":{"line":3,"column":null}},"2":{"start":{"line":4,"column":42},"end":{"line":4,"column":null}},"3":{"start":{"line":5,"column":51},"end":{"line":5,"column":null}},"4":{"start":{"line":6,"column":52},"end":{"line":6,"column":null}},"5":{"start":{"line":7,"column":55},"end":{"line":7,"column":null}},"6":{"start":{"line":11,"column":4},"end":{"line":33,"column":6}},"7":{"start":{"line":22,"column":44},"end":{"line":26,"column":10}},"8":{"start":{"line":37,"column":20},"end":{"line":40,"column":6}},"9":{"start":{"line":42,"column":4},"end":{"line":44,"column":null}},"10":{"start":{"line":43,"column":6},"end":{"line":43,"column":43}},"11":{"start":{"line":46,"column":20},"end":{"line":52,"column":null}},"12":{"start":{"line":55,"column":18},"end":{"line":63,"column":null}},"13":{"start":{"line":57,"column":8},"end":{"line":63,"column":10}},"14":{"start":{"line":66,"column":4},"end":{"line":74,"column":7}},"15":{"start":{"line":9,"column":21},"end":{"line":9,"column":null}}},"fnMap":{"0":{"name":"(anonymous_1)","decl":{"start":{"line":10,"column":2},"end":{"line":10,"column":8}},"loc":{"start":{"line":10,"column":50},"end":{"line":34,"column":null}}},"1":{"name":"(anonymous_2)","decl":{"start":{"line":22,"column":33},"end":{"line":22,"column":34}},"loc":{"start":{"line":22,"column":44},"end":{"line":26,"column":10}}},"2":{"name":"(anonymous_3)","decl":{"start":{"line":36,"column":2},"end":{"line":36,"column":8}},"loc":{"start":{"line":36,"column":43},"end":{"line":75,"column":null}}},"3":{"name":"(anonymous_4)","decl":{"start":{"line":56,"column":6},"end":{"line":56,"column":7}},"loc":{"start":{"line":57,"column":8},"end":{"line":63,"column":10}}}},"branchMap":{"0":{"loc":{"start":{"line":42,"column":4},"end":{"line":44,"column":null}},"type":"if","locations":[{"start":{"line":42,"column":4},"end":{"line":44,"column":null}}]}},"s":{"0":4,"1":4,"2":4,"3":4,"4":4,"5":4,"6":5,"7":9,"8":2,"9":2,"10":0,"11":2,"12":2,"13":4,"14":2,"15":4},"f":{"0":5,"1":9,"2":2,"3":4},"b":{"0":[0]}}
,"/Users/oliver.dettenborn/Documents/fc-monolito/src/modules/invoice/usecase/find-invoice/find-invoice.usecase.ts": {"path":"/Users/oliver.dettenborn/Documents/fc-monolito/src/modules/invoice/usecase/find-invoice/find-invoice.usecase.ts","statementMap":{"0":{"start":{"line":8,"column":20},"end":{"line":8,"column":64}},"1":{"start":{"line":10,"column":4},"end":{"line":29,"column":6}},"2":{"start":{"line":22,"column":42},"end":{"line":26,"column":8}},"3":{"start":{"line":5,"column":22},"end":{"line":5,"column":58}},"4":{"start":{"line":4,"column":21},"end":{"line":4,"column":null}}},"fnMap":{"0":{"name":"(anonymous_0)","decl":{"start":{"line":7,"column":2},"end":{"line":7,"column":8}},"loc":{"start":{"line":7,"column":89},"end":{"line":30,"column":null}}},"1":{"name":"(anonymous_1)","decl":{"start":{"line":22,"column":31},"end":{"line":22,"column":32}},"loc":{"start":{"line":22,"column":42},"end":{"line":26,"column":8}}},"2":{"name":"(anonymous_2)","decl":{"start":{"line":5,"column":2},"end":{"line":5,"column":22}},"loc":{"start":{"line":5,"column":58},"end":{"line":5,"column":null}}}},"branchMap":{},"s":{"0":4,"1":3,"2":6,"3":6,"4":5},"f":{"0":4,"1":6,"2":6},"b":{}}
,"/Users/oliver.dettenborn/Documents/fc-monolito/src/modules/invoice/usecase/generate-invoice/generate-invoice.usecase.ts": {"path":"/Users/oliver.dettenborn/Documents/fc-monolito/src/modules/invoice/usecase/generate-invoice/generate-invoice.usecase.ts","statementMap":{"0":{"start":{"line":3,"column":55},"end":{"line":3,"column":null}},"1":{"start":{"line":4,"column":49},"end":{"line":4,"column":null}},"2":{"start":{"line":5,"column":58},"end":{"line":5,"column":null}},"3":{"start":{"line":6,"column":69},"end":{"line":6,"column":null}},"4":{"start":{"line":12,"column":20},"end":{"line":18,"column":null}},"5":{"start":{"line":21,"column":18},"end":{"line":27,"column":null}},"6":{"start":{"line":23,"column":8},"end":{"line":27,"column":10}},"7":{"start":{"line":30,"column":20},"end":{"line":35,"column":6}},"8":{"start":{"line":37,"column":4},"end":{"line":37,"column":52}},"9":{"start":{"line":39,"column":4},"end":{"line":55,"column":6}},"10":{"start":{"line":49,"column":42},"end":{"line":53,"column":8}},"11":{"start":{"line":9,"column":22},"end":{"line":9,"column":58}},"12":{"start":{"line":8,"column":21},"end":{"line":8,"column":null}}},"fnMap":{"0":{"name":"(anonymous_1)","decl":{"start":{"line":11,"column":2},"end":{"line":11,"column":8}},"loc":{"start":{"line":11,"column":97},"end":{"line":56,"column":null}}},"1":{"name":"(anonymous_2)","decl":{"start":{"line":22,"column":6},"end":{"line":22,"column":7}},"loc":{"start":{"line":23,"column":8},"end":{"line":27,"column":10}}},"2":{"name":"(anonymous_3)","decl":{"start":{"line":49,"column":31},"end":{"line":49,"column":32}},"loc":{"start":{"line":49,"column":42},"end":{"line":53,"column":8}}},"3":{"name":"(anonymous_4)","decl":{"start":{"line":9,"column":2},"end":{"line":9,"column":22}},"loc":{"start":{"line":9,"column":58},"end":{"line":9,"column":null}}}},"branchMap":{},"s":{"0":5,"1":5,"2":5,"3":5,"4":6,"5":6,"6":11,"7":6,"8":6,"9":6,"10":11,"11":5,"12":5},"f":{"0":6,"1":11,"2":11,"3":5},"b":{}}
,"/Users/oliver.dettenborn/Documents/fc-monolito/src/modules/payment/domain/transaction.ts": {"path":"/Users/oliver.dettenborn/Documents/fc-monolito/src/modules/payment/domain/transaction.ts","statementMap":{"0":{"start":{"line":2,"column":64},"end":{"line":2,"column":null}},"1":{"start":{"line":28,"column":4},"end":{"line":30,"column":null}},"2":{"start":{"line":29,"column":6},"end":{"line":29,"column":55}},"3":{"start":{"line":34,"column":4},"end":{"line":34,"column":30}},"4":{"start":{"line":38,"column":4},"end":{"line":38,"column":30}},"5":{"start":{"line":42,"column":4},"end":{"line":46,"column":null}},"6":{"start":{"line":43,"column":6},"end":{"line":43,"column":21}},"7":{"start":{"line":45,"column":6},"end":{"line":45,"column":21}},"8":{"start":{"line":50,"column":4},"end":{"line":50,"column":24}},"9":{"start":{"line":54,"column":4},"end":{"line":54,"column":25}},"10":{"start":{"line":58,"column":4},"end":{"line":58,"column":24}},"11":{"start":{"line":20,"column":4},"end":{"line":20,"column":20}},"12":{"start":{"line":21,"column":4},"end":{"line":21,"column":32}},"13":{"start":{"line":22,"column":4},"end":{"line":22,"column":34}},"14":{"start":{"line":23,"column":4},"end":{"line":23,"column":45}},"15":{"start":{"line":24,"column":4},"end":{"line":24,"column":20}},"16":{"start":{"line":14,"column":21},"end":{"line":14,"column":41}}},"fnMap":{"0":{"name":"(anonymous_1)","decl":{"start":{"line":27,"column":2},"end":{"line":27,"column":10}},"loc":{"start":{"line":27,"column":19},"end":{"line":31,"column":null}}},"1":{"name":"(anonymous_2)","decl":{"start":{"line":33,"column":2},"end":{"line":33,"column":9}},"loc":{"start":{"line":33,"column":18},"end":{"line":35,"column":null}}},"2":{"name":"(anonymous_3)","decl":{"start":{"line":37,"column":2},"end":{"line":37,"column":9}},"loc":{"start":{"line":37,"column":18},"end":{"line":39,"column":null}}},"3":{"name":"(anonymous_4)","decl":{"start":{"line":41,"column":2},"end":{"line":41,"column":9}},"loc":{"start":{"line":41,"column":18},"end":{"line":47,"column":null}}},"4":{"name":"(anonymous_5)","decl":{"start":{"line":49,"column":2},"end":{"line":49,"column":6}},"loc":{"start":{"line":49,"column":23},"end":{"line":51,"column":null}}},"5":{"name":"(anonymous_6)","decl":{"start":{"line":53,"column":2},"end":{"line":53,"column":6}},"loc":{"start":{"line":53,"column":24},"end":{"line":55,"column":null}}},"6":{"name":"(anonymous_7)","decl":{"start":{"line":57,"column":2},"end":{"line":57,"column":6}},"loc":{"start":{"line":57,"column":23},"end":{"line":59,"column":null}}},"7":{"name":"(anonymous_8)","decl":{"start":{"line":19,"column":2},"end":{"line":19,"column":14}},"loc":{"start":{"line":19,"column":39},"end":{"line":25,"column":null}}}},"branchMap":{"0":{"loc":{"start":{"line":28,"column":4},"end":{"line":30,"column":null}},"type":"if","locations":[{"start":{"line":28,"column":4},"end":{"line":30,"column":null}}]},"1":{"loc":{"start":{"line":42,"column":4},"end":{"line":46,"column":null}},"type":"if","locations":[{"start":{"line":42,"column":4},"end":{"line":46,"column":null}},{"start":{"line":44,"column":11},"end":{"line":46,"column":null}}]},"2":{"loc":{"start":{"line":23,"column":19},"end":{"line":23,"column":44}},"type":"binary-expr","locations":[{"start":{"line":23,"column":19},"end":{"line":23,"column":31}},{"start":{"line":23,"column":35},"end":{"line":23,"column":44}}]}},"s":{"0":3,"1":6,"2":0,"3":3,"4":1,"5":3,"6":2,"7":1,"8":9,"9":9,"10":8,"11":6,"12":6,"13":6,"14":6,"15":6,"16":3},"f":{"0":6,"1":3,"2":1,"3":3,"4":9,"5":9,"6":8,"7":6},"b":{"0":[0],"1":[2,1],"2":[6,4]}}
,"/Users/oliver.dettenborn/Documents/fc-monolito/src/modules/payment/facade/payment.facade.ts": {"path":"/Users/oliver.dettenborn/Documents/fc-monolito/src/modules/payment/facade/payment.facade.ts","statementMap":{"0":{"start":{"line":10,"column":4},"end":{"line":10,"column":53}},"1":{"start":{"line":8,"column":22},"end":{"line":8,"column":63}},"2":{"start":{"line":7,"column":21},"end":{"line":7,"column":null}}},"fnMap":{"0":{"name":"(anonymous_0)","decl":{"start":{"line":9,"column":2},"end":{"line":9,"column":9}},"loc":{"start":{"line":9,"column":73},"end":{"line":11,"column":null}}},"1":{"name":"(anonymous_1)","decl":{"start":{"line":8,"column":2},"end":{"line":8,"column":22}},"loc":{"start":{"line":8,"column":63},"end":{"line":8,"column":null}}}},"branchMap":{},"s":{"0":1,"1":1,"2":1},"f":{"0":1,"1":1},"b":{}}
,"/Users/oliver.dettenborn/Documents/fc-monolito/src/modules/payment/factory/payment.facade.factory.ts": {"path":"/Users/oliver.dettenborn/Documents/fc-monolito/src/modules/payment/factory/payment.facade.factory.ts","statementMap":{"0":{"start":{"line":2,"column":52},"end":{"line":2,"column":null}},"1":{"start":{"line":3,"column":72},"end":{"line":3,"column":null}},"2":{"start":{"line":4,"column":86},"end":{"line":4,"column":null}},"3":{"start":{"line":8,"column":23},"end":{"line":8,"column":50}},"4":{"start":{"line":9,"column":20},"end":{"line":9,"column":57}},"5":{"start":{"line":10,"column":19},"end":{"line":10,"column":45}},"6":{"start":{"line":11,"column":4},"end":{"line":11,"column":18}},"7":{"start":{"line":6,"column":21},"end":{"line":6,"column":null}}},"fnMap":{"0":{"name":"(anonymous_1)","decl":{"start":{"line":7,"column":2},"end":{"line":7,"column":9}},"loc":{"start":{"line":7,"column":42},"end":{"line":12,"column":null}}}},"branchMap":{},"s":{"0":1,"1":1,"2":1,"3":1,"4":1,"5":1,"6":1,"7":1},"f":{"0":1},"b":{}}
,"/Users/oliver.dettenborn/Documents/fc-monolito/src/modules/payment/repository/transaction.model.ts": {"path":"/Users/oliver.dettenborn/Documents/fc-monolito/src/modules/payment/repository/transaction.model.ts","statementMap":{"0":{"start":{"line":1,"column":71},"end":{"line":1,"column":null}},"1":{"start":{"line":7,"column":15},"end":{"line":26,"column":null}},"2":{"start":{"line":7,"column":21},"end":{"line":7,"column":46}}},"fnMap":{},"branchMap":{"0":{"loc":{"start":{"line":22,"column":13},"end":{"line":22,"column":17}},"type":"cond-expr","locations":[{"start":{"line":22,"column":17},"end":{"line":22,"column":null}},{"start":{"line":22,"column":13},"end":{"line":22,"column":17}}]},"1":{"loc":{"start":{"line":25,"column":13},"end":{"line":25,"column":17}},"type":"cond-expr","locations":[{"start":{"line":25,"column":17},"end":{"line":25,"column":null}},{"start":{"line":25,"column":13},"end":{"line":25,"column":17}}]}},"s":{"0":2,"1":2,"2":4},"f":{},"b":{"0":[0,2],"1":[0,2]}}
,"/Users/oliver.dettenborn/Documents/fc-monolito/src/modules/payment/repository/transaction.repository.ts": {"path":"/Users/oliver.dettenborn/Documents/fc-monolito/src/modules/payment/repository/transaction.repository.ts","statementMap":{"0":{"start":{"line":1,"column":47},"end":{"line":1,"column":null}},"1":{"start":{"line":4,"column":50},"end":{"line":4,"column":null}},"2":{"start":{"line":8,"column":4},"end":{"line":15,"column":7}},"3":{"start":{"line":17,"column":4},"end":{"line":24,"column":7}},"4":{"start":{"line":6,"column":21},"end":{"line":6,"column":null}}},"fnMap":{"0":{"name":"(anonymous_1)","decl":{"start":{"line":7,"column":2},"end":{"line":7,"column":8}},"loc":{"start":{"line":7,"column":55},"end":{"line":25,"column":null}}}},"branchMap":{},"s":{"0":2,"1":2,"2":2,"3":2,"4":2},"f":{"0":2},"b":{}}
,"/Users/oliver.dettenborn/Documents/fc-monolito/src/modules/payment/usecase/process-payment/process-payment.usecase.ts": {"path":"/Users/oliver.dettenborn/Documents/fc-monolito/src/modules/payment/usecase/process-payment/process-payment.usecase.ts","statementMap":{"0":{"start":{"line":2,"column":50},"end":{"line":2,"column":null}},"1":{"start":{"line":15,"column":24},"end":{"line":18,"column":6}},"2":{"start":{"line":19,"column":4},"end":{"line":19,"column":26}},"3":{"start":{"line":20,"column":31},"end":{"line":21,"column":null}},"4":{"start":{"line":24,"column":4},"end":{"line":31,"column":6}},"5":{"start":{"line":10,"column":22},"end":{"line":10,"column":61}},"6":{"start":{"line":9,"column":21},"end":{"line":9,"column":null}}},"fnMap":{"0":{"name":"(anonymous_1)","decl":{"start":{"line":12,"column":2},"end":{"line":12,"column":8}},"loc":{"start":{"line":14,"column":38},"end":{"line":32,"column":null}}},"1":{"name":"(anonymous_2)","decl":{"start":{"line":10,"column":2},"end":{"line":10,"column":22}},"loc":{"start":{"line":10,"column":61},"end":{"line":10,"column":null}}}},"branchMap":{},"s":{"0":2,"1":3,"2":3,"3":3,"4":3,"5":3,"6":2},"f":{"0":3,"1":3},"b":{}}
,"/Users/oliver.dettenborn/Documents/fc-monolito/src/modules/product-adm/domain/product.entity.ts": {"path":"/Users/oliver.dettenborn/Documents/fc-monolito/src/modules/product-adm/domain/product.entity.ts","statementMap":{"0":{"start":{"line":1,"column":64},"end":{"line":1,"column":null}},"1":{"start":{"line":30,"column":4},"end":{"line":30,"column":22}},"2":{"start":{"line":34,"column":4},"end":{"line":34,"column":29}},"3":{"start":{"line":38,"column":4},"end":{"line":38,"column":31}},"4":{"start":{"line":42,"column":4},"end":{"line":42,"column":23}},"5":{"start":{"line":46,"column":4},"end":{"line":46,"column":22}},"6":{"start":{"line":50,"column":4},"end":{"line":50,"column":24}},"7":{"start":{"line":54,"column":4},"end":{"line":54,"column":36}},"8":{"start":{"line":58,"column":4},"end":{"line":58,"column":40}},"9":{"start":{"line":22,"column":4},"end":{"line":22,"column":20}},"10":{"start":{"line":23,"column":4},"end":{"line":23,"column":28}},"11":{"start":{"line":24,"column":4},"end":{"line":24,"column":42}},"12":{"start":{"line":25,"column":4},"end":{"line":25,"column":46}},"13":{"start":{"line":26,"column":4},"end":{"line":26,"column":30}},"14":{"start":{"line":15,"column":21},"end":{"line":15,"column":37}}},"fnMap":{"0":{"name":"(anonymous_1)","decl":{"start":{"line":29,"column":2},"end":{"line":29,"column":6}},"loc":{"start":{"line":29,"column":21},"end":{"line":31,"column":null}}},"1":{"name":"(anonymous_2)","decl":{"start":{"line":33,"column":2},"end":{"line":33,"column":6}},"loc":{"start":{"line":33,"column":28},"end":{"line":35,"column":null}}},"2":{"name":"(anonymous_3)","decl":{"start":{"line":37,"column":2},"end":{"line":37,"column":6}},"loc":{"start":{"line":37,"column":30},"end":{"line":39,"column":null}}},"3":{"name":"(anonymous_4)","decl":{"start":{"line":41,"column":2},"end":{"line":41,"column":6}},"loc":{"start":{"line":41,"column":22},"end":{"line":43,"column":null}}},"4":{"name":"(anonymous_5)","decl":{"start":{"line":45,"column":2},"end":{"line":45,"column":6}},"loc":{"start":{"line":45,"column":25},"end":{"line":47,"column":null}}},"5":{"name":"(anonymous_6)","decl":{"start":{"line":49,"column":2},"end":{"line":49,"column":6}},"loc":{"start":{"line":49,"column":27},"end":{"line":51,"column":null}}},"6":{"name":"(anonymous_7)","decl":{"start":{"line":53,"column":2},"end":{"line":53,"column":6}},"loc":{"start":{"line":53,"column":39},"end":{"line":55,"column":null}}},"7":{"name":"(anonymous_8)","decl":{"start":{"line":57,"column":2},"end":{"line":57,"column":6}},"loc":{"start":{"line":57,"column":43},"end":{"line":59,"column":null}}},"8":{"name":"(anonymous_9)","decl":{"start":{"line":21,"column":2},"end":{"line":21,"column":14}},"loc":{"start":{"line":21,"column":35},"end":{"line":27,"column":null}}}},"branchMap":{},"s":{"0":6,"1":7,"2":7,"3":7,"4":9,"5":0,"6":0,"7":0,"8":0,"9":7,"10":7,"11":7,"12":7,"13":7,"14":6},"f":{"0":7,"1":7,"2":7,"3":9,"4":0,"5":0,"6":0,"7":0,"8":7},"b":{}}
,"/Users/oliver.dettenborn/Documents/fc-monolito/src/modules/product-adm/facade/product-adm.facade.ts": {"path":"/Users/oliver.dettenborn/Documents/fc-monolito/src/modules/product-adm/facade/product-adm.facade.ts","statementMap":{"0":{"start":{"line":23,"column":4},"end":{"line":23,"column":43}},"1":{"start":{"line":28,"column":4},"end":{"line":28,"column":50}},"2":{"start":{"line":18,"column":4},"end":{"line":18,"column":48}},"3":{"start":{"line":19,"column":4},"end":{"line":19,"column":57}},"4":{"start":{"line":13,"column":21},"end":{"line":13,"column":null}}},"fnMap":{"0":{"name":"(anonymous_0)","decl":{"start":{"line":22,"column":2},"end":{"line":22,"column":12}},"loc":{"start":{"line":22,"column":61},"end":{"line":24,"column":null}}},"1":{"name":"(anonymous_1)","decl":{"start":{"line":25,"column":2},"end":{"line":25,"column":12}},"loc":{"start":{"line":27,"column":40},"end":{"line":29,"column":null}}},"2":{"name":"(anonymous_2)","decl":{"start":{"line":17,"column":2},"end":{"line":17,"column":14}},"loc":{"start":{"line":17,"column":44},"end":{"line":20,"column":null}}}},"branchMap":{},"s":{"0":2,"1":1,"2":3,"3":3,"4":3},"f":{"0":2,"1":1,"2":3},"b":{}}
,"/Users/oliver.dettenborn/Documents/fc-monolito/src/modules/product-adm/factory/facade.factory.ts": {"path":"/Users/oliver.dettenborn/Documents/fc-monolito/src/modules/product-adm/factory/facade.factory.ts","statementMap":{"0":{"start":{"line":1,"column":59},"end":{"line":1,"column":null}},"1":{"start":{"line":2,"column":64},"end":{"line":2,"column":null}},"2":{"start":{"line":3,"column":74},"end":{"line":3,"column":null}},"3":{"start":{"line":4,"column":74},"end":{"line":4,"column":null}},"4":{"start":{"line":8,"column":30},"end":{"line":8,"column":53}},"5":{"start":{"line":9,"column":30},"end":{"line":9,"column":70}},"6":{"start":{"line":10,"column":30},"end":{"line":10,"column":70}},"7":{"start":{"line":11,"column":26},"end":{"line":14,"column":6}},"8":{"start":{"line":16,"column":4},"end":{"line":16,"column":25}},"9":{"start":{"line":6,"column":21},"end":{"line":6,"column":null}}},"fnMap":{"0":{"name":"(anonymous_1)","decl":{"start":{"line":7,"column":2},"end":{"line":7,"column":9}},"loc":{"start":{"line":7,"column":18},"end":{"line":17,"column":null}}}},"branchMap":{},"s":{"0":3,"1":3,"2":3,"3":3,"4":3,"5":3,"6":3,"7":3,"8":3,"9":3},"f":{"0":3},"b":{}}
,"/Users/oliver.dettenborn/Documents/fc-monolito/src/modules/product-adm/infrastructure/api/product.route.ts": {"path":"/Users/oliver.dettenborn/Documents/fc-monolito/src/modules/product-adm/infrastructure/api/product.route.ts","statementMap":{"0":{"start":{"line":16,"column":24},"end":{"line":16,"column":44}},"1":{"start":{"line":1,"column":65},"end":{"line":1,"column":null}},"2":{"start":{"line":4,"column":66},"end":{"line":4,"column":null}},"3":{"start":{"line":17,"column":17},"end":{"line":17,"column":23}},"4":{"start":{"line":19,"column":2},"end":{"line":23,"column":6}},"5":{"start":{"line":20,"column":44},"end":{"line":20,"column":52}},"6":{"start":{"line":21,"column":4},"end":{"line":21,"column":35}},"7":{"start":{"line":22,"column":4},"end":{"line":22,"column":32}},"8":{"start":{"line":26,"column":2},"end":{"line":28,"column":5}},"9":{"start":{"line":27,"column":4},"end":{"line":27,"column":77}},"10":{"start":{"line":30,"column":2},"end":{"line":30,"column":16}},"11":{"start":{"line":7,"column":2},"end":{"line":13,"column":4}},"12":{"start":{"line":8,"column":4},"end":{"line":12,"column":null}},"13":{"start":{"line":9,"column":6},"end":{"line":9,"column":31}},"14":{"start":{"line":11,"column":6},"end":{"line":11,"column":18}}},"fnMap":{"0":{"name":"createProductRouter","decl":{"start":{"line":16,"column":24},"end":{"line":16,"column":43}},"loc":{"start":{"line":16,"column":105},"end":{"line":31,"column":null}}},"1":{"name":"(anonymous_1)","decl":{"start":{"line":19,"column":40},"end":{"line":19,"column":47}},"loc":{"start":{"line":19,"column":79},"end":{"line":23,"column":4}}},"2":{"name":"(anonymous_2)","decl":{"start":{"line":26,"column":13},"end":{"line":26,"column":14}},"loc":{"start":{"line":26,"column":77},"end":{"line":28,"column":4}}},"3":{"name":"asyncHandler","decl":{"start":{"line":6,"column":9},"end":{"line":6,"column":21}},"loc":{"start":{"line":6,"column":93},"end":{"line":14,"column":null}}},"4":{"name":"(anonymous_5)","decl":{"start":{"line":7,"column":9},"end":{"line":7,"column":16}},"loc":{"start":{"line":7,"column":68},"end":{"line":13,"column":4}}}},"branchMap":{"0":{"loc":{"start":{"line":16,"column":44},"end":{"line":16,"column":103}},"type":"default-arg","locations":[{"start":{"line":16,"column":71},"end":{"line":16,"column":103}}]},"1":{"loc":{"start":{"line":27,"column":34},"end":{"line":27,"column":73}},"type":"binary-expr","locations":[{"start":{"line":27,"column":34},"end":{"line":27,"column":46}},{"start":{"line":27,"column":50},"end":{"line":27,"column":73}}]},"2":{"loc":{"start":{"line":27,"column":34},"end":{"line":27,"column":46}},"type":"cond-expr","locations":[{"start":{"line":27,"column":34},"end":{"line":27,"column":37}},{"start":{"line":27,"column":34},"end":{"line":27,"column":46}}]},"3":{"loc":{"start":{"line":27,"column":34},"end":{"line":27,"column":39}},"type":"binary-expr","locations":[{"start":{"line":27,"column":34},"end":{"line":27,"column":39}},{"start":{"line":27,"column":34},"end":{"line":27,"column":39}}]}},"s":{"0":2,"1":2,"2":2,"3":3,"4":3,"5":2,"6":2,"7":1,"8":3,"9":1,"10":3,"11":3,"12":2,"13":2,"14":1},"f":{"0":3,"1":2,"2":1,"3":3,"4":2},"b":{"0":[1],"1":[1,0],"2":[0,1],"3":[1,1]}}
,"/Users/oliver.dettenborn/Documents/fc-monolito/src/modules/product-adm/repository/product.model.ts": {"path":"/Users/oliver.dettenborn/Documents/fc-monolito/src/modules/product-adm/repository/product.model.ts","statementMap":{"0":{"start":{"line":1,"column":71},"end":{"line":1,"column":null}},"1":{"start":{"line":7,"column":7},"end":{"line":29,"column":null}},"2":{"start":{"line":7,"column":13},"end":{"line":7,"column":34}}},"fnMap":{},"branchMap":{"0":{"loc":{"start":{"line":25,"column":13},"end":{"line":25,"column":17}},"type":"cond-expr","locations":[{"start":{"line":25,"column":17},"end":{"line":25,"column":null}},{"start":{"line":25,"column":13},"end":{"line":25,"column":17}}]},"1":{"loc":{"start":{"line":28,"column":13},"end":{"line":28,"column":17}},"type":"cond-expr","locations":[{"start":{"line":28,"column":17},"end":{"line":28,"column":null}},{"start":{"line":28,"column":13},"end":{"line":28,"column":17}}]}},"s":{"0":4,"1":4,"2":8},"f":{},"b":{"0":[0,4],"1":[0,4]}}
,"/Users/oliver.dettenborn/Documents/fc-monolito/src/modules/product-adm/repository/product.repository.ts": {"path":"/Users/oliver.dettenborn/Documents/fc-monolito/src/modules/product-adm/repository/product.repository.ts","statementMap":{"0":{"start":{"line":1,"column":66},"end":{"line":1,"column":null}},"1":{"start":{"line":2,"column":46},"end":{"line":2,"column":null}},"2":{"start":{"line":4,"column":46},"end":{"line":4,"column":null}},"3":{"start":{"line":8,"column":4},"end":{"line":16,"column":7}},"4":{"start":{"line":19,"column":20},"end":{"line":21,"column":6}},"5":{"start":{"line":23,"column":4},"end":{"line":25,"column":null}},"6":{"start":{"line":24,"column":6},"end":{"line":24,"column":57}},"7":{"start":{"line":27,"column":4},"end":{"line":35,"column":7}},"8":{"start":{"line":6,"column":21},"end":{"line":6,"column":null}}},"fnMap":{"0":{"name":"(anonymous_1)","decl":{"start":{"line":7,"column":2},"end":{"line":7,"column":8}},"loc":{"start":{"line":7,"column":45},"end":{"line":17,"column":null}}},"1":{"name":"(anonymous_2)","decl":{"start":{"line":18,"column":2},"end":{"line":18,"column":8}},"loc":{"start":{"line":18,"column":43},"end":{"line":36,"column":null}}}},"branchMap":{"0":{"loc":{"start":{"line":23,"column":4},"end":{"line":25,"column":null}},"type":"if","locations":[{"start":{"line":23,"column":4},"end":{"line":25,"column":null}}]}},"s":{"0":4,"1":4,"2":4,"3":3,"4":2,"5":2,"6":0,"7":2,"8":4},"f":{"0":3,"1":2},"b":{"0":[0]}}
,"/Users/oliver.dettenborn/Documents/fc-monolito/src/modules/product-adm/usecase/add-product/add-product.usecase.ts": {"path":"/Users/oliver.dettenborn/Documents/fc-monolito/src/modules/product-adm/usecase/add-product/add-product.usecase.ts","statementMap":{"0":{"start":{"line":1,"column":69},"end":{"line":1,"column":null}},"1":{"start":{"line":2,"column":49},"end":{"line":2,"column":null}},"2":{"start":{"line":14,"column":18},"end":{"line":20,"column":5}},"3":{"start":{"line":22,"column":20},"end":{"line":22,"column":38}},"4":{"start":{"line":23,"column":4},"end":{"line":23,"column":41}},"5":{"start":{"line":25,"column":4},"end":{"line":33,"column":6}},"6":{"start":{"line":10,"column":4},"end":{"line":10,"column":49}},"7":{"start":{"line":6,"column":21},"end":{"line":6,"column":null}}},"fnMap":{"0":{"name":"(anonymous_1)","decl":{"start":{"line":13,"column":2},"end":{"line":13,"column":8}},"loc":{"start":{"line":13,"column":73},"end":{"line":34,"column":null}}},"1":{"name":"(anonymous_2)","decl":{"start":{"line":9,"column":2},"end":{"line":9,"column":14}},"loc":{"start":{"line":9,"column":50},"end":{"line":11,"column":null}}}},"branchMap":{},"s":{"0":4,"1":4,"2":3,"3":3,"4":3,"5":3,"6":4,"7":4},"f":{"0":3,"1":4},"b":{}}
,"/Users/oliver.dettenborn/Documents/fc-monolito/src/modules/product-adm/usecase/check-stock/check-stock.usecase.ts": {"path":"/Users/oliver.dettenborn/Documents/fc-monolito/src/modules/product-adm/usecase/check-stock/check-stock.usecase.ts","statementMap":{"0":{"start":{"line":12,"column":20},"end":{"line":12,"column":71}},"1":{"start":{"line":13,"column":4},"end":{"line":16,"column":6}},"2":{"start":{"line":8,"column":4},"end":{"line":8,"column":48}},"3":{"start":{"line":4,"column":21},"end":{"line":4,"column":null}}},"fnMap":{"0":{"name":"(anonymous_0)","decl":{"start":{"line":11,"column":2},"end":{"line":11,"column":8}},"loc":{"start":{"line":11,"column":73},"end":{"line":17,"column":null}}},"1":{"name":"(anonymous_1)","decl":{"start":{"line":7,"column":2},"end":{"line":7,"column":14}},"loc":{"start":{"line":7,"column":49},"end":{"line":9,"column":null}}}},"branchMap":{},"s":{"0":2,"1":2,"2":4,"3":4},"f":{"0":2,"1":4},"b":{}}
,"/Users/oliver.dettenborn/Documents/fc-monolito/src/modules/store-catalog/domain/product.entity.ts": {"path":"/Users/oliver.dettenborn/Documents/fc-monolito/src/modules/store-catalog/domain/product.entity.ts","statementMap":{"0":{"start":{"line":2,"column":64},"end":{"line":2,"column":null}},"1":{"start":{"line":25,"column":4},"end":{"line":25,"column":22}},"2":{"start":{"line":29,"column":4},"end":{"line":29,"column":29}},"3":{"start":{"line":33,"column":4},"end":{"line":33,"column":28}},"4":{"start":{"line":18,"column":4},"end":{"line":18,"column":20}},"5":{"start":{"line":19,"column":4},"end":{"line":19,"column":28}},"6":{"start":{"line":20,"column":4},"end":{"line":20,"column":42}},"7":{"start":{"line":21,"column":4},"end":{"line":21,"column":40}},"8":{"start":{"line":12,"column":21},"end":{"line":12,"column":37}}},"fnMap":{"0":{"name":"(anonymous_1)","decl":{"start":{"line":24,"column":2},"end":{"line":24,"column":6}},"loc":{"start":{"line":24,"column":21},"end":{"line":26,"column":null}}},"1":{"name":"(anonymous_2)","decl":{"start":{"line":28,"column":2},"end":{"line":28,"column":6}},"loc":{"start":{"line":28,"column":28},"end":{"line":30,"column":null}}},"2":{"name":"(anonymous_3)","decl":{"start":{"line":32,"column":2},"end":{"line":32,"column":6}},"loc":{"start":{"line":32,"column":27},"end":{"line":34,"column":null}}},"3":{"name":"(anonymous_4)","decl":{"start":{"line":17,"column":2},"end":{"line":17,"column":14}},"loc":{"start":{"line":17,"column":35},"end":{"line":22,"column":null}}}},"branchMap":{},"s":{"0":4,"1":9,"2":9,"3":9,"4":9,"5":9,"6":9,"7":9,"8":4},"f":{"0":9,"1":9,"2":9,"3":9},"b":{}}
,"/Users/oliver.dettenborn/Documents/fc-monolito/src/modules/store-catalog/facade/store-catalog.facade.ts": {"path":"/Users/oliver.dettenborn/Documents/fc-monolito/src/modules/store-catalog/facade/store-catalog.facade.ts","statementMap":{"0":{"start":{"line":26,"column":4},"end":{"line":26,"column":47}},"1":{"start":{"line":29,"column":4},"end":{"line":29,"column":48}},"2":{"start":{"line":19,"column":4},"end":{"line":19,"column":42}},"3":{"start":{"line":20,"column":4},"end":{"line":20,"column":48}},"4":{"start":{"line":14,"column":21},"end":{"line":14,"column":null}}},"fnMap":{"0":{"name":"(anonymous_0)","decl":{"start":{"line":23,"column":2},"end":{"line":23,"column":8}},"loc":{"start":{"line":25,"column":46},"end":{"line":27,"column":null}}},"1":{"name":"(anonymous_1)","decl":{"start":{"line":28,"column":2},"end":{"line":28,"column":8}},"loc":{"start":{"line":28,"column":63},"end":{"line":30,"column":null}}},"2":{"name":"(anonymous_2)","decl":{"start":{"line":18,"column":2},"end":{"line":18,"column":14}},"loc":{"start":{"line":18,"column":35},"end":{"line":21,"column":null}}}},"branchMap":{},"s":{"0":1,"1":1,"2":2,"3":2,"4":1},"f":{"0":1,"1":1,"2":2},"b":{}}
,"/Users/oliver.dettenborn/Documents/fc-monolito/src/modules/store-catalog/factory/facade.factory.ts": {"path":"/Users/oliver.dettenborn/Documents/fc-monolito/src/modules/store-catalog/factory/facade.factory.ts","statementMap":{"0":{"start":{"line":1,"column":63},"end":{"line":1,"column":null}},"1":{"start":{"line":2,"column":64},"end":{"line":2,"column":null}},"2":{"start":{"line":3,"column":91},"end":{"line":3,"column":null}},"3":{"start":{"line":4,"column":77},"end":{"line":4,"column":null}},"4":{"start":{"line":8,"column":30},"end":{"line":8,"column":53}},"5":{"start":{"line":9,"column":24},"end":{"line":9,"column":65}},"6":{"start":{"line":10,"column":27},"end":{"line":10,"column":72}},"7":{"start":{"line":12,"column":19},"end":{"line":15,"column":6}},"8":{"start":{"line":16,"column":4},"end":{"line":16,"column":18}},"9":{"start":{"line":6,"column":21},"end":{"line":6,"column":null}}},"fnMap":{"0":{"name":"(anonymous_1)","decl":{"start":{"line":7,"column":2},"end":{"line":7,"column":9}},"loc":{"start":{"line":7,"column":38},"end":{"line":17,"column":null}}}},"branchMap":{},"s":{"0":1,"1":1,"2":1,"3":1,"4":2,"5":2,"6":2,"7":2,"8":2,"9":1},"f":{"0":2},"b":{}}
,"/Users/oliver.dettenborn/Documents/fc-monolito/src/modules/store-catalog/repository/product.model.ts": {"path":"/Users/oliver.dettenborn/Documents/fc-monolito/src/modules/store-catalog/repository/product.model.ts","statementMap":{"0":{"start":{"line":1,"column":71},"end":{"line":1,"column":null}},"1":{"start":{"line":7,"column":15},"end":{"line":20,"column":null}},"2":{"start":{"line":7,"column":21},"end":{"line":7,"column":42}}},"fnMap":{},"branchMap":{},"s":{"0":2,"1":2,"2":4},"f":{},"b":{}}
,"/Users/oliver.dettenborn/Documents/fc-monolito/src/modules/store-catalog/repository/product.repository.ts": {"path":"/Users/oliver.dettenborn/Documents/fc-monolito/src/modules/store-catalog/repository/product.repository.ts","statementMap":{"0":{"start":{"line":1,"column":66},"end":{"line":1,"column":null}},"1":{"start":{"line":2,"column":46},"end":{"line":2,"column":null}},"2":{"start":{"line":4,"column":42},"end":{"line":4,"column":null}},"3":{"start":{"line":8,"column":21},"end":{"line":8,"column":49}},"4":{"start":{"line":10,"column":4},"end":{"line":18,"column":6}},"5":{"start":{"line":12,"column":8},"end":{"line":17,"column":10}},"6":{"start":{"line":21,"column":20},"end":{"line":25,"column":6}},"7":{"start":{"line":27,"column":4},"end":{"line":32,"column":7}},"8":{"start":{"line":6,"column":21},"end":{"line":6,"column":null}}},"fnMap":{"0":{"name":"(anonymous_1)","decl":{"start":{"line":7,"column":2},"end":{"line":7,"column":8}},"loc":{"start":{"line":7,"column":38},"end":{"line":19,"column":null}}},"1":{"name":"(anonymous_2)","decl":{"start":{"line":11,"column":6},"end":{"line":11,"column":7}},"loc":{"start":{"line":12,"column":8},"end":{"line":17,"column":10}}},"2":{"name":"(anonymous_3)","decl":{"start":{"line":20,"column":2},"end":{"line":20,"column":8}},"loc":{"start":{"line":20,"column":43},"end":{"line":33,"column":null}}}},"branchMap":{},"s":{"0":2,"1":2,"2":2,"3":2,"4":2,"5":4,"6":2,"7":2,"8":2},"f":{"0":2,"1":4,"2":2},"b":{}}
,"/Users/oliver.dettenborn/Documents/fc-monolito/src/modules/store-catalog/usecase/find-all-products/find-all-products.usecase.ts": {"path":"/Users/oliver.dettenborn/Documents/fc-monolito/src/modules/store-catalog/usecase/find-all-products/find-all-products.usecase.ts","statementMap":{"0":{"start":{"line":8,"column":21},"end":{"line":8,"column":59}},"1":{"start":{"line":10,"column":4},"end":{"line":17,"column":6}},"2":{"start":{"line":11,"column":43},"end":{"line":16,"column":8}},"3":{"start":{"line":5,"column":22},"end":{"line":5,"column":57}},"4":{"start":{"line":4,"column":21},"end":{"line":4,"column":null}}},"fnMap":{"0":{"name":"(anonymous_0)","decl":{"start":{"line":7,"column":2},"end":{"line":7,"column":8}},"loc":{"start":{"line":7,"column":32},"end":{"line":18,"column":null}}},"1":{"name":"(anonymous_1)","decl":{"start":{"line":11,"column":29},"end":{"line":11,"column":30}},"loc":{"start":{"line":11,"column":43},"end":{"line":16,"column":8}}},"2":{"name":"(anonymous_2)","decl":{"start":{"line":5,"column":2},"end":{"line":5,"column":22}},"loc":{"start":{"line":5,"column":57},"end":{"line":5,"column":null}}}},"branchMap":{},"s":{"0":2,"1":2,"2":4,"3":3,"4":2},"f":{"0":2,"1":4,"2":3},"b":{}}
,"/Users/oliver.dettenborn/Documents/fc-monolito/src/modules/store-catalog/usecase/find-product/find-product.usecase.ts": {"path":"/Users/oliver.dettenborn/Documents/fc-monolito/src/modules/store-catalog/usecase/find-product/find-product.usecase.ts","statementMap":{"0":{"start":{"line":8,"column":20},"end":{"line":8,"column":63}},"1":{"start":{"line":10,"column":4},"end":{"line":15,"column":6}},"2":{"start":{"line":5,"column":31},"end":{"line":5,"column":66}},"3":{"start":{"line":4,"column":21},"end":{"line":4,"column":null}}},"fnMap":{"0":{"name":"(anonymous_0)","decl":{"start":{"line":7,"column":2},"end":{"line":7,"column":8}},"loc":{"start":{"line":7,"column":75},"end":{"line":16,"column":null}}},"1":{"name":"(anonymous_1)","decl":{"start":{"line":5,"column":2},"end":{"line":5,"column":31}},"loc":{"start":{"line":5,"column":66},"end":{"line":5,"column":null}}}},"branchMap":{},"s":{"0":2,"1":2,"2":3,"3":2},"f":{"0":2,"1":3},"b":{}}
,"/Users/oliver.dettenborn/Documents/fc-monolito/src/test-migrations/config-migrations/migrator.ts": {"path":"/Users/oliver.dettenborn/Documents/fc-monolito/src/test-migrations/config-migrations/migrator.ts","statementMap":{"0":{"start":{"line":1,"column":47},"end":{"line":1,"column":null}},"1":{"start":{"line":2,"column":27},"end":{"line":2,"column":null}},"2":{"start":{"line":5,"column":24},"end":{"line":27,"column":null}},"3":{"start":{"line":8,"column":2},"end":{"line":26,"column":null}},"4":{"start":{"line":5,"column":13},"end":{"line":5,"column":24}}},"fnMap":{"0":{"name":"(anonymous_0)","decl":{"start":{"line":5,"column":24},"end":{"line":5,"column":null}},"loc":{"start":{"line":7,"column":5},"end":{"line":27,"column":null}}},"1":{"name":"(anonymous_1)","decl":{"start":{"line":21,"column":12},"end":{"line":21,"column":18}},"loc":{"start":{"line":21,"column":18},"end":{"line":21,"column":20}}},"2":{"name":"(anonymous_2)","decl":{"start":{"line":22,"column":12},"end":{"line":22,"column":18}},"loc":{"start":{"line":22,"column":18},"end":{"line":22,"column":20}}},"3":{"name":"(anonymous_3)","decl":{"start":{"line":23,"column":13},"end":{"line":23,"column":19}},"loc":{"start":{"line":23,"column":19},"end":{"line":23,"column":21}}},"4":{"name":"(anonymous_4)","decl":{"start":{"line":24,"column":13},"end":{"line":24,"column":19}},"loc":{"start":{"line":24,"column":19},"end":{"line":24,"column":21}}}},"branchMap":{},"s":{"0":3,"1":3,"2":3,"3":7,"4":3},"f":{"0":7,"1":20,"2":0,"3":0,"4":0},"b":{}}
,"/Users/oliver.dettenborn/Documents/fc-monolito/src/test-migrations/config-migrations/test-setup.ts": {"path":"/Users/oliver.dettenborn/Documents/fc-monolito/src/test-migrations/config-migrations/test-setup.ts","statementMap":{"0":{"start":{"line":9,"column":22},"end":{"line":9,"column":40}},"1":{"start":{"line":23,"column":22},"end":{"line":23,"column":43}},"2":{"start":{"line":1,"column":48},"end":{"line":1,"column":null}},"3":{"start":{"line":3,"column":37},"end":{"line":3,"column":null}},"4":{"start":{"line":10,"column":20},"end":{"line":14,"column":4}},"5":{"start":{"line":16,"column":2},"end":{"line":16,"column":38}},"6":{"start":{"line":17,"column":20},"end":{"line":17,"column":28}},"7":{"start":{"line":18,"column":2},"end":{"line":18,"column":23}},"8":{"start":{"line":20,"column":2},"end":{"line":20,"column":34}},"9":{"start":{"line":24,"column":2},"end":{"line":26,"column":null}},"10":{"start":{"line":25,"column":4},"end":{"line":25,"column":11}},"11":{"start":{"line":27,"column":2},"end":{"line":27,"column":25}},"12":{"start":{"line":28,"column":2},"end":{"line":28,"column":26}}},"fnMap":{"0":{"name":"setupTestDatabase","decl":{"start":{"line":9,"column":22},"end":{"line":9,"column":39}},"loc":{"start":{"line":9,"column":125},"end":{"line":21,"column":null}}},"1":{"name":"teardownTestDatabase","decl":{"start":{"line":23,"column":22},"end":{"line":23,"column":42}},"loc":{"start":{"line":23,"column":103},"end":{"line":29,"column":null}}}},"branchMap":{"0":{"loc":{"start":{"line":24,"column":2},"end":{"line":26,"column":null}},"type":"if","locations":[{"start":{"line":24,"column":2},"end":{"line":26,"column":null}}]},"1":{"loc":{"start":{"line":24,"column":6},"end":{"line":24,"column":30}},"type":"binary-expr","locations":[{"start":{"line":24,"column":6},"end":{"line":24,"column":16}},{"start":{"line":24,"column":20},"end":{"line":24,"column":30}}]}},"s":{"0":1,"1":1,"2":1,"3":1,"4":1,"5":1,"6":1,"7":1,"8":1,"9":1,"10":0,"11":1,"12":1},"f":{"0":1,"1":1},"b":{"0":[0],"1":[1,1]}}
,"/Users/oliver.dettenborn/Documents/fc-monolito/src/test-migrations/migrations/2024.02.17T00.00.00.create-invoice-table.ts": {"path":"/Users/oliver.dettenborn/Documents/fc-monolito/src/test-migrations/migrations/2024.02.17T00.00.00.create-invoice-table.ts","statementMap":{"0":{"start":{"line":1,"column":48},"end":{"line":1,"column":null}},"1":{"start":{"line":4,"column":42},"end":{"line":84,"column":1}},"2":{"start":{"line":5,"column":2},"end":{"line":51,"column":5}},"3":{"start":{"line":53,"column":2},"end":{"line":83,"column":5}},"4":{"start":{"line":4,"column":13},"end":{"line":4,"column":42}},"5":{"start":{"line":86,"column":44},"end":{"line":89,"column":null}},"6":{"start":{"line":87,"column":2},"end":{"line":87,"column":65}},"7":{"start":{"line":88,"column":2},"end":{"line":88,"column":60}},"8":{"start":{"line":86,"column":13},"end":{"line":86,"column":44}}},"fnMap":{"0":{"name":"(anonymous_0)","decl":{"start":{"line":4,"column":42},"end":{"line":4,"column":49}},"loc":{"start":{"line":4,"column":76},"end":{"line":84,"column":1}}},"1":{"name":"(anonymous_1)","decl":{"start":{"line":86,"column":44},"end":{"line":86,"column":51}},"loc":{"start":{"line":86,"column":78},"end":{"line":89,"column":null}}}},"branchMap":{},"s":{"0":3,"1":3,"2":5,"3":5,"4":3,"5":3,"6":5,"7":5,"8":3},"f":{"0":5,"1":5},"b":{}}
}
