TN:
SF:src/modules/@shared/domain/entity/base.entity.ts
FN:14,(anonymous_1)
FN:18,(anonymous_2)
FN:22,(anonymous_3)
FN:26,(anonymous_4)
FN:8,(anonymous_5)
FNF:5
FNH:4
FNDA:78,(anonymous_1)
FNDA:29,(anonymous_2)
FNDA:26,(anonymous_3)
FNDA:0,(anonymous_4)
FNDA:59,(anonymous_5)
DA:1,21
DA:3,21
DA:9,59
DA:10,59
DA:11,59
DA:15,78
DA:19,29
DA:23,26
DA:27,0
LF:9
LH:8
BRDA:9,0,0,59
BRDA:9,0,1,9
BRDA:10,1,0,59
BRDA:10,1,1,51
BRDA:11,2,0,59
BRDA:11,2,1,51
BRF:6
BRH:6
end_of_record
TN:
SF:src/modules/@shared/domain/value-object/address.ts
FN:21,(anonymous_0)
FN:25,(anonymous_1)
FN:29,(anonymous_2)
FN:33,(anonymous_3)
FN:37,(anonymous_4)
FN:41,(anonymous_5)
FN:45,(anonymous_6)
FN:11,(anonymous_7)
FNF:8
FNH:7
FNDA:16,(anonymous_0)
FNDA:15,(anonymous_1)
FNDA:15,(anonymous_2)
FNDA:15,(anonymous_3)
FNDA:15,(anonymous_4)
FNDA:15,(anonymous_5)
FNDA:0,(anonymous_6)
FNDA:15,(anonymous_7)
DA:3,4
DA:4,15
DA:5,15
DA:6,15
DA:7,15
DA:8,15
DA:9,15
DA:12,15
DA:13,15
DA:14,15
DA:15,15
DA:16,15
DA:17,15
DA:22,16
DA:26,15
DA:30,15
DA:34,15
DA:38,15
DA:42,15
DA:46,0
DA:47,0
DA:49,0
DA:50,0
DA:52,0
DA:53,0
DA:55,0
DA:56,0
DA:58,0
DA:59,0
DA:61,0
DA:62,0
LF:31
LH:19
BRDA:46,0,0,0
BRDA:49,1,0,0
BRDA:52,2,0,0
BRDA:55,3,0,0
BRDA:58,4,0,0
BRDA:61,5,0,0
BRF:6
BRH:0
end_of_record
TN:
SF:src/modules/@shared/domain/value-object/id.value-object.ts
FN:11,(anonymous_0)
FN:7,(anonymous_1)
FNF:2
FNH:2
FNDA:77,(anonymous_0)
FNDA:57,(anonymous_1)
DA:1,21
DA:4,21
DA:8,57
DA:12,77
LF:4
LH:4
BRDA:8,0,0,57
BRDA:8,0,1,12
BRF:2
BRH:2
end_of_record
TN:
SF:src/modules/client-adm/domain/client.entity.ts
FN:31,(anonymous_1)
FN:35,(anonymous_2)
FN:39,(anonymous_3)
FN:43,(anonymous_4)
FN:23,(anonymous_5)
FNF:5
FNH:5
FNDA:11,(anonymous_1)
FNDA:11,(anonymous_2)
FNDA:9,(anonymous_3)
FNDA:61,(anonymous_4)
FNDA:7,(anonymous_5)
DA:2,4
DA:16,4
DA:24,7
DA:25,7
DA:26,7
DA:27,7
DA:28,7
DA:32,11
DA:36,11
DA:40,9
DA:44,61
LF:11
LH:11
BRF:0
BRH:0
end_of_record
TN:
SF:src/modules/client-adm/facade/client-adm.facade.ts
FN:22,(anonymous_0)
FN:25,(anonymous_1)
FN:17,(anonymous_2)
FNF:3
FNH:3
FNDA:2,(anonymous_0)
FNDA:1,(anonymous_1)
FNDA:2,(anonymous_2)
DA:13,1
DA:18,2
DA:19,2
DA:23,2
DA:28,1
LF:5
LH:5
BRF:0
BRH:0
end_of_record
TN:
SF:src/modules/client-adm/factory/client-adm.facade.factory.ts
FN:7,(anonymous_1)
FNF:1
FNH:1
FNDA:1,(anonymous_1)
DA:1,1
DA:2,1
DA:3,1
DA:4,1
DA:6,1
DA:8,1
DA:9,1
DA:10,1
DA:11,1
DA:16,1
LF:10
LH:10
BRF:0
BRH:0
end_of_record
TN:
SF:src/modules/client-adm/repository/client.model.ts
FNF:0
FNH:0
DA:1,2
DA:7,4
LF:2
LH:2
BRDA:40,0,0,0
BRDA:40,0,1,2
BRDA:43,1,0,0
BRDA:43,1,1,2
BRF:4
BRH:2
end_of_record
TN:
SF:src/modules/client-adm/repository/client.repository.ts
FN:9,(anonymous_1)
FN:27,(anonymous_2)
FNF:2
FNH:2
FNDA:3,(anonymous_1)
FNDA:2,(anonymous_2)
DA:1,2
DA:2,2
DA:3,2
DA:5,2
DA:7,2
DA:11,3
DA:29,2
DA:31,2
DA:32,0
DA:35,2
LF:10
LH:9
BRDA:31,0,0,0
BRF:1
BRH:0
end_of_record
TN:
SF:src/modules/client-adm/usecase/add-client/add-client.usecase.ts
FN:15,(anonymous_1)
FN:11,(anonymous_2)
FNF:2
FNH:2
FNDA:3,(anonymous_1)
FNDA:3,(anonymous_2)
DA:1,2
DA:2,2
DA:3,2
DA:7,2
DA:12,3
DA:17,3
DA:32,3
DA:33,3
DA:35,3
LF:9
LH:9
BRDA:18,0,0,3
BRDA:18,0,1,0
BRF:2
BRH:1
end_of_record
TN:
SF:src/modules/client-adm/usecase/find-client/find-client.usecase.ts
FN:14,(anonymous_1)
FN:10,(anonymous_2)
FNF:2
FNH:2
FNDA:2,(anonymous_1)
FNDA:2,(anonymous_2)
DA:2,2
DA:6,2
DA:11,2
DA:16,2
DA:18,2
LF:5
LH:5
BRF:0
BRH:0
end_of_record
TN:
SF:src/modules/invoice/domain/entity/invoice-item.ts
FN:22,(anonymous_1)
FN:26,(anonymous_2)
FN:16,(anonymous_3)
FNF:3
FNH:3
FNDA:26,(anonymous_1)
FNDA:45,(anonymous_2)
FNDA:19,(anonymous_3)
DA:1,6
DA:12,6
DA:17,19
DA:18,19
DA:19,19
DA:23,26
DA:27,45
LF:7
LH:7
BRF:0
BRH:0
end_of_record
TN:
SF:src/modules/invoice/domain/entity/invoice.ts
FN:34,(anonymous_1)
FN:38,(anonymous_2)
FN:42,(anonymous_3)
FN:46,(anonymous_4)
FN:50,(anonymous_5)
FN:54,(anonymous_6)
FN:55,(anonymous_7)
FN:58,(anonymous_8)
FN:24,(anonymous_9)
FNF:9
FNH:9
FNDA:15,(anonymous_1)
FNDA:15,(anonymous_2)
FNDA:85,(anonymous_3)
FNDA:15,(anonymous_4)
FNDA:10,(anonymous_5)
FNDA:11,(anonymous_6)
FNDA:19,(anonymous_7)
FNDA:11,(anonymous_8)
FNDA:11,(anonymous_9)
DA:2,6
DA:17,6
DA:25,11
DA:26,11
DA:27,11
DA:28,11
DA:29,11
DA:30,11
DA:31,11
DA:35,15
DA:39,15
DA:43,85
DA:47,15
DA:51,10
DA:55,19
DA:59,11
DA:60,1
LF:17
LH:17
BRDA:59,0,0,1
BRF:1
BRH:1
end_of_record
TN:
SF:src/modules/invoice/domain/value-object/address.ts
FN:25,(anonymous_0)
FN:29,(anonymous_1)
FN:33,(anonymous_2)
FN:37,(anonymous_3)
FN:41,(anonymous_4)
FN:45,(anonymous_5)
FN:9,(anonymous_6)
FNF:7
FNH:7
FNDA:14,(anonymous_0)
FNDA:14,(anonymous_1)
FNDA:14,(anonymous_2)
FNDA:14,(anonymous_3)
FNDA:14,(anonymous_4)
FNDA:14,(anonymous_5)
FNDA:11,(anonymous_6)
DA:1,6
DA:17,11
DA:18,11
DA:19,11
DA:20,11
DA:21,11
DA:22,11
DA:26,14
DA:30,14
DA:34,14
DA:38,14
DA:42,14
DA:46,14
LF:13
LH:13
BRF:0
BRH:0
end_of_record
TN:
SF:src/modules/invoice/facade/invoice.facade.ts
FN:17,(anonymous_1)
FN:21,(anonymous_2)
FN:11,(anonymous_3)
FNF:3
FNH:3
FNDA:5,(anonymous_1)
FNDA:2,(anonymous_2)
FNDA:5,(anonymous_3)
DA:1,3
DA:2,3
DA:3,3
DA:7,3
DA:12,5
DA:13,5
DA:14,5
DA:18,5
DA:22,2
LF:9
LH:9
BRF:0
BRH:0
end_of_record
TN:
SF:src/modules/invoice/infrastructure/api/invoice.route.ts
FN:7,(anonymous_1)
FN:16,(anonymous_2)
FNF:2
FNH:1
FNDA:1,(anonymous_1)
FNDA:0,(anonymous_2)
DA:1,1
DA:2,1
DA:4,1
DA:5,1
DA:7,1
DA:8,1
DA:9,1
DA:10,1
DA:12,0
DA:16,1
DA:17,0
DA:18,0
DA:19,0
DA:21,0
DA:25,1
LF:15
LH:10
BRDA:12,0,0,0
BRDA:12,0,1,0
BRDA:12,1,0,0
BRDA:12,1,1,0
BRDA:12,2,0,0
BRDA:12,2,1,0
BRDA:21,3,0,0
BRDA:21,3,1,0
BRDA:21,4,0,0
BRDA:21,4,1,0
BRDA:21,5,0,0
BRDA:21,5,1,0
BRF:12
BRH:0
end_of_record
TN:
SF:src/modules/invoice/repository/invoice-item.model.ts
FN:16,(anonymous_3)
FN:35,(anonymous_4)
FNF:2
FNH:2
FNDA:10,(anonymous_3)
FNDA:10,(anonymous_4)
DA:1,3
DA:2,3
DA:8,6
DA:16,10
DA:35,10
LF:5
LH:5
BRDA:36,0,0,3
BRDA:36,0,1,0
BRF:2
BRH:1
end_of_record
TN:
SF:src/modules/invoice/repository/invoice.model.ts
FN:64,(anonymous_3)
FNF:1
FNH:1
FNDA:17,(anonymous_3)
DA:1,3
DA:2,3
DA:8,6
DA:64,17
LF:4
LH:4
BRF:0
BRH:0
end_of_record
TN:
SF:src/modules/invoice/repository/invoice.repository.ts
FN:10,(anonymous_1)
FN:22,(anonymous_2)
FN:36,(anonymous_3)
FN:56,(anonymous_4)
FNF:4
FNH:4
FNDA:5,(anonymous_1)
FNDA:9,(anonymous_2)
FNDA:2,(anonymous_3)
FNDA:4,(anonymous_4)
DA:1,3
DA:3,3
DA:4,3
DA:5,3
DA:6,3
DA:7,3
DA:9,3
DA:11,5
DA:22,9
DA:37,2
DA:42,2
DA:43,0
DA:46,2
DA:55,2
DA:57,4
DA:66,2
LF:16
LH:15
BRDA:42,0,0,0
BRF:1
BRH:0
end_of_record
TN:
SF:src/modules/invoice/usecase/find-invoice/find-invoice.usecase.ts
FN:7,(anonymous_0)
FN:22,(anonymous_1)
FN:5,(anonymous_2)
FNF:3
FNH:3
FNDA:4,(anonymous_0)
FNDA:6,(anonymous_1)
FNDA:7,(anonymous_2)
DA:4,4
DA:5,7
DA:8,4
DA:10,3
DA:22,6
LF:5
LH:5
BRF:0
BRH:0
end_of_record
TN:
SF:src/modules/invoice/usecase/generate-invoice/generate-invoice.usecase.ts
FN:11,(anonymous_1)
FN:22,(anonymous_2)
FN:49,(anonymous_3)
FN:9,(anonymous_4)
FNF:4
FNH:4
FNDA:6,(anonymous_1)
FNDA:11,(anonymous_2)
FNDA:11,(anonymous_3)
FNDA:6,(anonymous_4)
DA:3,4
DA:4,4
DA:5,4
DA:6,4
DA:8,4
DA:9,6
DA:12,6
DA:21,6
DA:23,11
DA:30,6
DA:37,6
DA:39,6
DA:49,11
LF:13
LH:13
BRF:0
BRH:0
end_of_record
TN:
SF:src/modules/payment/domain/transaction.ts
FN:27,(anonymous_1)
FN:33,(anonymous_2)
FN:37,(anonymous_3)
FN:41,(anonymous_4)
FN:49,(anonymous_5)
FN:53,(anonymous_6)
FN:57,(anonymous_7)
FN:19,(anonymous_8)
FNF:8
FNH:8
FNDA:6,(anonymous_1)
FNDA:3,(anonymous_2)
FNDA:1,(anonymous_3)
FNDA:3,(anonymous_4)
FNDA:9,(anonymous_5)
FNDA:9,(anonymous_6)
FNDA:8,(anonymous_7)
FNDA:6,(anonymous_8)
DA:2,3
DA:14,3
DA:20,6
DA:21,6
DA:22,6
DA:23,6
DA:24,6
DA:28,6
DA:29,0
DA:34,3
DA:38,1
DA:42,3
DA:43,2
DA:45,1
DA:50,9
DA:54,9
DA:58,8
LF:17
LH:16
BRDA:28,0,0,0
BRDA:42,1,0,2
BRDA:42,1,1,1
BRDA:23,2,0,6
BRDA:23,2,1,4
BRF:5
BRH:4
end_of_record
TN:
SF:src/modules/payment/facade/payment.facade.ts
FN:9,(anonymous_0)
FN:8,(anonymous_1)
FNF:2
FNH:2
FNDA:1,(anonymous_0)
FNDA:1,(anonymous_1)
DA:7,1
DA:8,1
DA:10,1
LF:3
LH:3
BRF:0
BRH:0
end_of_record
TN:
SF:src/modules/payment/factory/payment.facade.factory.ts
FN:7,(anonymous_1)
FNF:1
FNH:1
FNDA:1,(anonymous_1)
DA:2,1
DA:3,1
DA:4,1
DA:6,1
DA:8,1
DA:9,1
DA:10,1
DA:11,1
LF:8
LH:8
BRF:0
BRH:0
end_of_record
TN:
SF:src/modules/payment/repository/transaction.model.ts
FNF:0
FNH:0
DA:1,2
DA:7,4
LF:2
LH:2
BRDA:22,0,0,0
BRDA:22,0,1,2
BRDA:25,1,0,0
BRDA:25,1,1,2
BRF:4
BRH:2
end_of_record
TN:
SF:src/modules/payment/repository/transaction.repository.ts
FN:8,(anonymous_1)
FNF:1
FNH:1
FNDA:2,(anonymous_1)
DA:2,2
DA:5,2
DA:7,2
DA:9,2
DA:18,2
LF:5
LH:5
BRF:0
BRH:0
end_of_record
TN:
SF:src/modules/payment/usecase/process-payment/process-payment.usecase.ts
FN:12,(anonymous_1)
FN:10,(anonymous_2)
FNF:2
FNH:2
FNDA:3,(anonymous_1)
FNDA:3,(anonymous_2)
DA:2,2
DA:9,2
DA:10,3
DA:15,3
DA:19,3
DA:20,3
DA:24,3
LF:7
LH:7
BRF:0
BRH:0
end_of_record
TN:
SF:src/modules/product-adm/domain/product.entity.ts
FN:29,(anonymous_1)
FN:33,(anonymous_2)
FN:37,(anonymous_3)
FN:41,(anonymous_4)
FN:45,(anonymous_5)
FN:49,(anonymous_6)
FN:53,(anonymous_7)
FN:57,(anonymous_8)
FN:21,(anonymous_9)
FNF:9
FNH:5
FNDA:7,(anonymous_1)
FNDA:7,(anonymous_2)
FNDA:7,(anonymous_3)
FNDA:9,(anonymous_4)
FNDA:0,(anonymous_5)
FNDA:0,(anonymous_6)
FNDA:0,(anonymous_7)
FNDA:0,(anonymous_8)
FNDA:7,(anonymous_9)
DA:1,4
DA:15,4
DA:22,7
DA:23,7
DA:24,7
DA:25,7
DA:26,7
DA:30,7
DA:34,7
DA:38,7
DA:42,9
DA:46,0
DA:50,0
DA:54,0
DA:58,0
LF:15
LH:11
BRF:0
BRH:0
end_of_record
TN:
SF:src/modules/product-adm/facade/product-adm.facade.ts
FN:22,(anonymous_0)
FN:26,(anonymous_1)
FN:17,(anonymous_2)
FNF:3
FNH:3
FNDA:2,(anonymous_0)
FNDA:1,(anonymous_1)
FNDA:2,(anonymous_2)
DA:13,1
DA:18,2
DA:19,2
DA:24,2
DA:29,1
LF:5
LH:5
BRF:0
BRH:0
end_of_record
TN:
SF:src/modules/product-adm/factory/facade.factory.ts
FN:7,(anonymous_1)
FNF:1
FNH:1
FNDA:2,(anonymous_1)
DA:1,1
DA:2,1
DA:3,1
DA:4,1
DA:6,1
DA:8,2
DA:9,2
DA:10,2
DA:11,2
DA:16,2
LF:10
LH:10
BRF:0
BRH:0
end_of_record
TN:
SF:src/modules/product-adm/repository/product.model.ts
FNF:0
FNH:0
DA:1,2
DA:7,4
LF:2
LH:2
BRDA:25,0,0,0
BRDA:25,0,1,2
BRDA:28,1,0,0
BRDA:28,1,1,2
BRF:4
BRH:2
end_of_record
TN:
SF:src/modules/product-adm/repository/product.repository.ts
FN:7,(anonymous_1)
FN:18,(anonymous_2)
FNF:2
FNH:2
FNDA:3,(anonymous_1)
FNDA:2,(anonymous_2)
DA:1,2
DA:2,2
DA:4,2
DA:6,2
DA:8,3
DA:19,2
DA:23,2
DA:24,0
DA:27,2
LF:9
LH:8
BRDA:23,0,0,0
BRF:1
BRH:0
end_of_record
TN:
SF:src/modules/product-adm/usecase/add-product/add-product.usecase.ts
FN:13,(anonymous_1)
FN:9,(anonymous_2)
FNF:2
FNH:2
FNDA:3,(anonymous_1)
FNDA:3,(anonymous_2)
DA:1,2
DA:2,2
DA:6,2
DA:10,3
DA:14,3
DA:22,3
DA:23,3
DA:25,3
LF:8
LH:8
BRF:0
BRH:0
end_of_record
TN:
SF:src/modules/product-adm/usecase/check-stock/check-stock.usecase.ts
FN:11,(anonymous_0)
FN:7,(anonymous_1)
FNF:2
FNH:2
FNDA:2,(anonymous_0)
FNDA:3,(anonymous_1)
DA:4,2
DA:8,3
DA:12,2
DA:13,2
LF:4
LH:4
BRF:0
BRH:0
end_of_record
TN:
SF:src/modules/store-catalog/domain/product.entity.ts
FN:24,(anonymous_1)
FN:28,(anonymous_2)
FN:32,(anonymous_3)
FN:17,(anonymous_4)
FNF:4
FNH:4
FNDA:9,(anonymous_1)
FNDA:9,(anonymous_2)
FNDA:9,(anonymous_3)
FNDA:9,(anonymous_4)
DA:2,4
DA:12,4
DA:18,9
DA:19,9
DA:20,9
DA:21,9
DA:25,9
DA:29,9
DA:33,9
LF:9
LH:9
BRF:0
BRH:0
end_of_record
TN:
SF:src/modules/store-catalog/facade/store-catalog.facade.ts
FN:23,(anonymous_0)
FN:28,(anonymous_1)
FN:18,(anonymous_2)
FNF:3
FNH:3
FNDA:1,(anonymous_0)
FNDA:1,(anonymous_1)
FNDA:2,(anonymous_2)
DA:14,1
DA:19,2
DA:20,2
DA:26,1
DA:29,1
LF:5
LH:5
BRF:0
BRH:0
end_of_record
TN:
SF:src/modules/store-catalog/factory/facade.factory.ts
FN:7,(anonymous_1)
FNF:1
FNH:1
FNDA:2,(anonymous_1)
DA:1,1
DA:2,1
DA:3,1
DA:4,1
DA:6,1
DA:8,2
DA:9,2
DA:10,2
DA:12,2
DA:16,2
LF:10
LH:10
BRF:0
BRH:0
end_of_record
TN:
SF:src/modules/store-catalog/repository/product.model.ts
FNF:0
FNH:0
DA:1,2
DA:7,4
LF:2
LH:2
BRF:0
BRH:0
end_of_record
TN:
SF:src/modules/store-catalog/repository/product.repository.ts
FN:7,(anonymous_1)
FN:11,(anonymous_2)
FN:20,(anonymous_3)
FNF:3
FNH:3
FNDA:2,(anonymous_1)
FNDA:4,(anonymous_2)
FNDA:2,(anonymous_3)
DA:1,2
DA:2,2
DA:4,2
DA:6,2
DA:8,2
DA:10,2
DA:12,4
DA:21,2
DA:27,2
LF:9
LH:9
BRF:0
BRH:0
end_of_record
TN:
SF:src/modules/store-catalog/usecase/find-all-products/find-all-products.usecase.ts
FN:7,(anonymous_0)
FN:11,(anonymous_1)
FN:5,(anonymous_2)
FNF:3
FNH:3
FNDA:2,(anonymous_0)
FNDA:4,(anonymous_1)
FNDA:3,(anonymous_2)
DA:4,2
DA:5,3
DA:8,2
DA:10,2
DA:11,4
LF:5
LH:5
BRF:0
BRH:0
end_of_record
TN:
SF:src/modules/store-catalog/usecase/find-product/find-product.usecase.ts
FN:7,(anonymous_0)
FN:5,(anonymous_1)
FNF:2
FNH:2
FNDA:2,(anonymous_0)
FNDA:3,(anonymous_1)
DA:4,2
DA:5,3
DA:8,2
DA:10,2
LF:4
LH:4
BRF:0
BRH:0
end_of_record
TN:
SF:src/test-migrations/config-migrations/migrator.ts
FN:5,(anonymous_0)
FN:21,(anonymous_1)
FN:22,(anonymous_2)
FN:23,(anonymous_3)
FN:24,(anonymous_4)
FNF:5
FNH:2
FNDA:7,(anonymous_0)
FNDA:20,(anonymous_1)
FNDA:0,(anonymous_2)
FNDA:0,(anonymous_3)
FNDA:0,(anonymous_4)
DA:1,3
DA:2,3
DA:5,3
DA:8,7
LF:4
LH:4
BRF:0
BRH:0
end_of_record
TN:
SF:src/test-migrations/config-migrations/test-setup.ts
FN:9,setupTestDatabase
FN:23,teardownTestDatabase
FNF:2
FNH:2
FNDA:3,setupTestDatabase
FNDA:3,teardownTestDatabase
DA:1,2
DA:3,2
DA:9,2
DA:10,3
DA:16,3
DA:17,3
DA:18,3
DA:20,3
DA:23,2
DA:24,3
DA:25,0
DA:27,3
DA:28,3
LF:13
LH:12
BRDA:24,0,0,0
BRDA:24,1,0,3
BRDA:24,1,1,3
BRF:3
BRH:2
end_of_record
TN:
SF:src/test-migrations/migrations/2024.02.17T00.00.00.create-invoice-table.ts
FN:4,(anonymous_0)
FN:86,(anonymous_1)
FNF:2
FNH:2
FNDA:5,(anonymous_0)
FNDA:5,(anonymous_1)
DA:1,3
DA:4,3
DA:5,5
DA:53,5
DA:86,3
DA:87,5
DA:88,5
LF:7
LH:7
BRF:0
BRH:0
end_of_record
